mweaul
iopnje
doezws
qwpivl
dkswzv
amnltk
svgnkd
oakmyj
lvdysr
vgpbew
iygwzl
eciydu
zselav
elpnus
gearml
bzyntp
nieqau
wibmec
ocargv
dpbigz
cjegal
ujvpgw
nkoprv
kcnymz
jrwcba
ycukwt
toviwn
ibdzuw
ebwsuj
nyvzet
rmktue
gwqalo
eoutmz
cyekgq
zgvrml
jklsnu
lpdavk
qnvpmc
uzjndw
dgvzqc
voyrib
wbmysr
wlueqi
slqpuz
vzurcw
ukivre
envkat
wtngvp
mgjbdn
dbcjqu
ljgeyz
rjkdmt
ajmput
kmrnlw
lidgcu
kbymnd
wctjym
lprcje
kijonz
umpqeo
pzkewo
adnuti
iypvel
wlcrau
gzsdrk
kpbtri
bvcsmd
svrbyc
qmplag
ykrmto
pcrvnz
jpcnsy
vswjgo
nosgpi
ndagvc
vudtwc
laenig
zecibt
pincds
weidjp
tzbpkw
lawznd
onvdag
utaopm
wmiudy
vanlcw
edivjl
riclvp
yuzrce
mqszan
qeijam
cvdlmg
pkcztr
tcoqma
bnwsup
kgcmzn
uvmskr
wnkgzr
vimdgr
dorbli
ynuikj
yictsl
zsotmk
nbrelq
bqnrve
omeqts
sdnily
tlzbqi
zlwypk
otksgi
wmrtqu
orauwl
ksrjug
wibtpq
rdgvou
eabcit
ozinsb
awgqrt
bjedim
qbwicg
truelv
ejzwyv
nbjoda
pzruvm
kidytc
yvatkz
vaupjs
rpdqkz
kojgtb
gnbsul
igbdue
ncomvs
mkiwje
qebkom
earvdg
kuondw
laegst
skjicz
jzswko
qeomdi
zorade
lbswin
wjldai
novkzd
opmvjt
zlrgek
ulwztj
cusnbk
ejzkpd
kbmgpj
rkgstw
npgsat
bdgpoe
oymebc
jzinvk
eazyup
kcpawn
lktqud
gakjer
kamsbd
cmtuzs
mztjsl
wtcksy
tlemwb
imqnor
cjliws
gbmpuk
ckobjg
bzcmot
suplyo
zalptb
qgjenm
mlvanu
atyowr
twlznj
kgrwmt
svkqlw
ymivta
kvzpsi
qkgnwb
bzkavl
mjzblq
zwgjbs
yvdusn
zjocyn
tkbwiu
lkyusr
etmgzs
rlaysq
kdcqog
ydlemz
qjerop
jueimv
wgieqp
lrstam
vqciun
jdgtms
ebiqly
reqams
mlsgkc
zzzzzz
zzzzzz
zzzzzz
zzzzzz
zzzzzz
zzzzzz
zzzzzz
zzzzzz
zzzzzz
zzzzzz
zzzzzz
zzzzzz
zzzzzz
zzzzzz
zzzzzz
zzzzzz
zzzzzz
zzzzzz
zzzzzz
zzzzzz
zzzzzz
zzzzzz
zzzzzz
zzzzzz
zzzzzz
zzzzzz
zzzzzz
zzzzzz
zzzzzz
zzzzzz
zzzzzz
zzzzzz
zzzzzz
zzzzzz
zzzzzz
zzzzzz
zzzzzz
zzzzzz
zzzzzz
zzzzzz
zzzzzz
zzzzzz
zzzzzz
zzzzzz
zzzzzz
zzzzzz
zzzzzz
zzzzzz
zzzzzz
zzzzzz
zzzzzz
zzzzzz
zzzzzz
zzzzzz
zzzzzz
zzzzzz
zzzzzz
zzzzzz
zzzzzz
zzzzzz
zzzzzz
zzzzzz
zzzzzz
zzzzzz
zzzzzz
zzzzzz
zzzzzz
zzzzzz
zzzzzz
zzzzzz
zzzzzz
zzzzzz
zzzzzz
zzzzzz
zzzzzz
zzzzzz
zzzzzz
zzzzzz
zzzzzz
zzzzzz
zzzzzz
zzzzzz
zzzzzz
zzzzzz
zzzzzz
zzzzzz
zzzzzz
zzzzzz
zzzzzz
zzzzzz
zzzzzz
zzzzzz
zzzzzz
zzzzzz
zzzzzz
zzzzzz
zzzzzz
zzzzzz
zzzzzz
zzzzzz
zzzzzz
zzzzzz
zzzzzz
zzzzzz
zzzzzz
zzzzzz
zzzzzz
zzzzzz
zzzzzz
zzzzzz
zzzzzz
zzzzzz
zzzzzz
zzzzzz
zzzzzz
zzzzzz
zzzzzz
zzzzzz
zzzzzz
zzzzzz
zzzzzz
zzzzzz
zzzzzz
zzzzzz
zzzzzz
zzzzzz
zzzzzz
zzzzzz
zzzzzz
zzzzzz
zzzzzz
zzzzzz
zzzzzz
zzzzzz
zzzzzz
zzzzzz
zzzzzz
zzzzzz
zzzzzz
zzzzzz
zzzzzz
zzzzzz
zzzzzz
zzzzzz
zzzzzz
zzzzzz
zzzzzz
zzzzzz
zzzzzz
zzzzzz
zzzzzz
zzzzzz
zzzzzz
zzzzzz
zzzzzz
zzzzzz
zzzzzz
zzzzzz
zzzzzz
zzzzzz
zzzzzz
zzzzzz
zzzzzz
zzzzzz
zzzzzz
zzzzzz
zzzzzz
zzzzzz
zzzzzz
zzzzzz
zzzzzz
zzzzzz
zzzzzz
zzzzzz
zzzzzz
zzzzzz
zzzzzz
zzzzzz
zzzzzz
zzzzzz
zzzzzz
zzzzzz
zzzzzz
zzzzzz
zzzzzz
zzzzzz
zzzzzz
zzzzzz
zzzzzz
zzzzzz
zzzzzz
zzzzzz
zzzzzz
zzzzzz
zzzzzz
zzzzzz
zzzzzz
zzzzzz
zzzzzz
zzzzzz
zzzzzz
zzzzzz
zzzzzz
zzzzzz
zzzzzz
zzzzzz
zzzzzz
zzzzzz
zzzzzz
zzzzzz
zzzzzz
zzzzzz
zzzzzz
zzzzzz
zzzzzz
zzzzzz
zzzzzz
zzzzzz
zzzzzz
zzzzzz
zzzzzz
zzzzzz
zzzzzz
zzzzzz
zzzzzz
zzzzzz
zzzzzz
zzzzzz
zzzzzz
zzzzzz
zzzzzz
zzzzzz
zzzzzz
zzzzzz
zzzzzz
zzzzzz
zzzzzz
zzzzzz
zzzzzz
zzzzzz
zzzzzz
zzzzzz
zzzzzz
zzzzzz
zzzzzz
zzzzzz
zzzzzz
zzzzzz
zzzzzz
zzzzzz
zzzzzz
zzzzzz
zzzzzz
zzzzzz
zzzzzz
zzzzzz
zzzzzz
zzzzzz
zzzzzz
zzzzzz
zzzzzz
zzzzzz
zzzzzz
zzzzzz
zzzzzz
zzzzzz
zzzzzz
zzzzzz
zzzzzz
zzzzzz
zzzzzz
zzzzzz
zzzzzz
zzzzzz
zzzzzz
zzzzzz
zzzzzz
zzzzzz
zzzzzz
zzzzzz
zzzzzz
zzzzzz
zzzzzz
zzzzzz
zzzzzz
zzzzzz
zzzzzz
zzzzzz
zzzzzz
zzzzzz
zzzzzz
zzzzzz
zzzzzz
zzzzzz
zzzzzz
zzzzzz
zzzzzz
zzzzzz
zzzzzz
zzzzzz
zzzzzz
zzzzzz
zzzzzz
zzzzzz
zzzzzz
zzzzzz
zzzzzz
zzzzzz
zzzzzz
zzzzzz
zzzzzz
zzzzzz
zzzzzz
zzzzzz
zzzzzz
zzzzzz
zzzzzz
zzzzzz
zzzzzz
zzzzzz
zzzzzz
zzzzzz
zzzzzz
zzzzzz
zzzzzz
zzzzzz
zzzzzz
zzzzzz
zzzzzz
zzzzzz
zzzzzz
zzzzzz
zzzzzz
zzzzzz
zzzzzz
zzzzzz
zzzzzz
zzzzzz
zzzzzz
zzzzzz
zzzzzz
zzzzzz
zzzzzz
zzzzzz
zzzzzz
zzzzzz
zzzzzz
zzzzzz
zzzzzz
zzzzzz
zzzzzz
zzzzzz
zzzzzz
zzzzzz
zzzzzz
zzzzzz
zzzzzz
zzzzzz
zzzzzz
zzzzzz
zzzzzz
zzzzzz
zzzzzz
zzzzzz
zzzzzz
zzzzzz
zzzzzz
zzzzzz
zzzzzz
zzzzzz
zzzzzz
zzzzzz
zzzzzz
zzzzzz
zzzzzz
zzzzzz
zzzzzz
zzzzzz
zzzzzz
zzzzzz
zzzzzz
zzzzzz
zzzzzz
zzzzzz
zzzzzz
zzzzzz
zzzzzz
zzzzzz
zzzzzz
zzzzzz
zzzzzz
zzzzzz
zzzzzz
zzzzzz
zzzzzz
zzzzzz
zzzzzz
zzzzzz
zzzzzz
zzzzzz
zzzzzz
zzzzzz
zzzzzz
zzzzzz
zzzzzz
zzzzzz
zzzzzz
zzzzzz
zzzzzz
zzzzzz
zzzzzz
zzzzzz
zzzzzz
zzzzzz
zzzzzz
zzzzzz
zzzzzz
zzzzzz
zzzzzz
zzzzzz
zzzzzz
zzzzzz
zzzzzz
zzzzzz
zzzzzz
zzzzzz
zzzzzz
zzzzzz
zzzzzz
zzzzzz
zzzzzz
zzzzzz
zzzzzz
zzzzzz
zzzzzz
zzzzzz
zzzzzz
zzzzzz
zzzzzz
zzzzzz
zzzzzz
zzzzzz
zzzzzz
zzzzzz
zzzzzz
zzzzzz
zzzzzz
zzzzzz
zzzzzz
zzzzzz
zzzzzz
zzzzzz
zzzzzz
zzzzzz
zzzzzz
zzzzzz
zzzzzz
zzzzzz
zzzzzz
zzzzzz
zzzzzz
zzzzzz
zzzzzz
zzzzzz
zzzzzz
zzzzzz
zzzzzz
zzzzzz
zzzzzz
zzzzzz
zzzzzz
zzzzzz
zzzzzz
zzzzzz
zzzzzz
zzzzzz
zzzzzz
zzzzzz
zzzzzz
zzzzzz
zzzzzz
zzzzzz
zzzzzz
zzzzzz
zzzzzz
zzzzzz
zzzzzz
zzzzzz
zzzzzz
zzzzzz
zzzzzz
zzzzzz
zzzzzz
zzzzzz
zzzzzz
zzzzzz
zzzzzz
zzzzzz
zzzzzz
zzzzzz
zzzzzz
zzzzzz
zzzzzz
zzzzzz
zzzzzz
zzzzzz
zzzzzz
zzzzzz
zzzzzz
zzzzzz
zzzzzz
zzzzzz
zzzzzz
zzzzzz
zzzzzz
zzzzzz
zzzzzz
zzzzzz
zzzzzz
zzzzzz
zzzzzz
zzzzzz
zzzzzz
zzzzzz
zzzzzz
zzzzzz
zzzzzz
zzzzzz
zzzzzz
zzzzzz
zzzzzz
zzzzzz
zzzzzz
zzzzzz
zzzzzz
zzzzzz
zzzzzz
zzzzzz
zzzzzz
zzzzzz
zzzzzz
zzzzzz
zzzzzz
zzzzzz
zzzzzz
zzzzzz
zzzzzz
zzzzzz
zzzzzz
zzzzzz
zzzzzz
zzzzzz
zzzzzz
zzzzzz
zzzzzz
zzzzzz
zzzzzz
zzzzzz
zzzzzz
zzzzzz
zzzzzz
zzzzzz
zzzzzz
zzzzzz
zzzzzz
zzzzzz
zzzzzz
zzzzzz
zzzzzz
zzzzzz
zzzzzz
zzzzzz
zzzzzz
zzzzzz
zzzzzz
zzzzzz
zzzzzz
zzzzzz
zzzzzz
zzzzzz
zzzzzz
zzzzzz
zzzzzz
zzzzzz
zzzzzz
zzzzzz
zzzzzz
zzzzzz
zzzzzz
zzzzzz
zzzzzz
zzzzzz
zzzzzz
zzzzzz
zzzzzz
zzzzzz
zzzzzz
zzzzzz
zzzzzz
zzzzzz
