Case #1: 3 4 6
Case #2: 8 19 22 25 27 31 33 34
Case #3: 15 17 20 23 26 27 31 33 35 36
Case #4: 3 4 5 6
Case #5: 11 12 13 15
Case #6: 2 6 10 14
Case #7: 13 14 18 19 29 31
Case #8: 6 10 12 15
Case #9: 2 5 7 10
Case #10: 1 2 3 4 5 6 7 8 9 10
Case #11: 3 4 5
Case #12: 2 4 5
Case #13: 3 5 8 9
Case #14: 2 6 11 15 20 25 28 31 35 38
Case #15: 6 7 13 16 18 19 21
Case #16: 11 14 15 16 19 21 23 25
Case #17: 2 3 4
Case #18: 6 8
Case #19: 2 4
Case #20: 22 222
Case #21: 23 25 27 28 30 33 34
Case #22: 91 92 93 94 95 96 97 98 99 100
Case #23: 7 13 16 18 24
Case #24: 11 14 18 22 29 31 32 33 35 38
Case #25: 3 4 7 9 12 14 16 18
Case #26: 7 8 9 10 11 12 13
Case #27: 4 8
Case #28: 3 5 7 9
Case #29: 7 12 15 19
Case #30: 2 4 5 9
Case #31: 7 8 12 16 18 23 26
Case #32: 5 7 10 13 15 16 19
Case #33: 1 3 4 5 7 9 10
Case #34: 5 12 19 26 33 40 47
Case #35: 47 48 50 52 55 57 58 60 63 64
Case #36: 2 6
Case #37: 12 17 18 22 25 27 30 33 35 38
Case #38: 15 19 22 26 29 32 34 38 42
Case #39: 113 120 149 178 198 216 226
Case #40: 11 15 19 23
Case #41: 1 2 3
Case #42: 23 48 70 83
Case #43: 2 22
Case #44: 7 8 10 11
Case #45: 9 12 19
Case #46: 2 5 6
Case #47: 91 115 123 152 229 237 255 278 282 294
Case #48: 22 29 32 33 34 36 41 42 43 47
Case #49: 7 9 11
Case #50: 4 7
