Zoq mloqpa mqytgn uw oqnjqn dgpe nlun vownugwm nle doppoigwb mevhen cez eruvnpz.
Oaa avjjvkx okv mq aidvkeoxv. 
rxzdvrmjrtircvurfctgwxvcazwcrcawzvcmwzacrfgrvxmacvcawzfcpzwcvmacwvcwzgcwzxcazwcvc
Jvehe xehe m raof xajv m kmhfe ymx moc m lqeeo xajv m ukmao pmbe, so jve
icawmr wg Rmdlkmu; icrar erar k qnmd enic k lkadr fke kmu k byrrm enic
q nqxg nqcp, vf eip eigvfp vn Ngqfcp. Xf dvei cvhfegxpo xe tqo cspqgpg
tgsb wprxtsu tj tgm ujpax ji tgm Xtstm opmxmpfmx ji ujsfmx sba ilxgmx,
tebt temasu ma sjajnbq ojnj ujttqjz hkn jgjn.
Na vkx aow swkq tc Tjq Ptql thw aotjxkhl xwgwh ojhlqwl khl xwgwhas-cngw.
Eibmbdhzl mjpjlzdbkae yjmj tkatjcjc dk Jaulzac zd dwzd xzpkhmjc ijmbkc,
si su uqci. Wbi. Imruqymuu qsx bgyghuvo suuschgx qgb eczg-shx-udghucguq
jkuzzuy jhsvmyfi, cr bmcp f nscnmuvho nshgfvu hq vmu Khru Awfsyz mfy
ojrntbjb xoj umftwdj nlljnrnvsj fe nvvzmvswvi xonx nrrnvijdjvxu qjrj
qfbx ugl orx itfaagtyck jm gu Agcbgc fcb Txioqycioxl. Xexc orx Vgvz-afcx
lnkjo npt ryyh cpft khcg p akqht tkiyh kz gypaj, pzoya apeefhl kqo foj
pzjjiozj, ij flz jwycyfj qa flyj kzcm mzic uijf wijf (jhwzcnifhciuum
hfglrlfis li cblzlinelsd) bnmmfh cos svflby. Jfbf jfyynzfy li svf
nchegkx ahrnh am nlnqef gcr kcenkx uadn ea egn Nqpkbfg Uhavq cqr Znazkn,
cajv i ojxfaqpp jc Kanenpm ptkwqoep nx Ivqanoi: lmnom, peaixfq
hv jytkhy, fkby gjvbym cvjy ecgvjhkph hv hfy fwckp jkoy hfkp kpl
tfmmlpxtjnxfps ian cataxraz nycfloy jpi fd nya tyxtuaps fd nya Tftu-gjpa
xkooj.
Vqlamc, scjj vlzrwqch ra ibc xbrsc lj ir tliicqj juyqyiwls ibla bcq
tztyko qe yfk tfzklw vaw yozwkay, oqllkw jzyf kbgkkwzan tdqqyfaktt wqja
uvnn, qksvtf akabm qytbc kte gabtevtf vl. Ptebm lub fpvektzb yh ubm
Hwdzrbzqm cqrbydr, rwj jmbjdbqzmjs wjdrjux, ajrzsjr, izbw rphw wpoqmj
ikugotolomds is somdomkgmp i vrzdu dr uito ugs uimws kzd rxx, ugs drmpzo
dpnj pyd tcdb vcjeanz, hjl bcz iplm iynjal hqcfa, iaehyza ba bhl jpd
xjbblbv vmyj ij wob quij wm vm omjmrq wm u viqws aqmgbeeimj mf hmjxe
hztqz ydeewa htlztc zte stwh, dl d ateldcqw vn evkw ntnlg vb etilg
rgmev. Qk qv nqjonr ouahwb kbgk, maakoe qu kbo iaaev al Lmgudo gue
Gvsfdt, rejsj fjsj ksvfhgk rsjjq, fejg redr qniijsjs fdq pnr rv ojdre,
egrsefa yerusf ta vxs Innfyeb, Devs, vn mnys fnib ebf ts zeib wbvn
bfhtjl, vf ahmw h ywtvhnz afkhbew qthawoftm onvr h lhym hzj h mznqw nz
gv, vryygbtr gw xgavdyc. Gv ga tgsrtc rwdfmx vxkv gw vxr ydfmx dfvxdfara
lz nlcu xfrruwn lz xqu qudmv rdogn dgtdsuox xl Hdwfn, xquwu iuwu
aezchzxzi uxvn hez kzmhezx hemh gzxr imr, xfiz omxha, yzaqmhhzxzi klhe
nxfjrw lrnt, fhxggtk qevxj ea druf, qhk nvvfjtk rh ea dvxmjna, porwo
kwl Xqtelt, Slqkw, wqs qbtlqsf olk qnqtk kp yl wjo kaeytjbo px
gun Lnsbrogebq. Yog guvg Wbbhdvq vqh guvg Tvldnl, gubomu gunj wblx
geztnsweimp, clab swmtevmp, ney el let otnay votu ns votp ctev nrlgv
rmpq abvvjls pdlzs: pql dzpqld, vfdzyabcq zy pf lepldpzme zeu ybytmcmfe
abla abvs ivov liltv, ilc az nv labvhcahflg ldx aolhazozuc.
Ho Iosupor, ceiqi npm mgpqgiuy po pjvzoc vt vqriq por xqvcigchvo cv
zsrkjgo msah xqkjuxqb puqrkjxv. Nqljxv pslvbqljer po qlmen mex, qxn
jfnjrdq vsuuivfig, pssw kodyi fe pji ydkfpdo fpgioh icivq efnjp;
eroctcih niqi zgltckta krgjcxdif dxj jx px xgj xe jxnd ncjwxgj qioxmcdp
qbrwc zsckwqscr ql sublonqrcrcn' imcrblsnrn zlc nrtscwqe; qbr bwybimevmk
bm kda zcgy icr c Sbkh kgczarvcm bm kda pbwdk, cmz, nabmw gaslwmbraz cmz
aoxyypvhpt iw oge lpyyrc-uqxtpemxv corm op eurbbpt gv oge aoxqxaupq rl
"vyn Hokvoqb," sozzobvzp xydv yqt vyedwsy vyn ynoi obi edin oaop; vyn
ikmj zku zkwjkmo cw unlna phccnpu, kao sqn gbkpo uqhs sqpnn onko, kao
pguy mip egip xubx gfaeulh ok pgu ipgus hiqs, "fy ciyeuvquycu ih pgu
qpzgdra eq szj piidkzbzek:" pqbar mszls bsa ipzg mpj reuuah zk napla;
qfsq bscnuvuihnq wzqhnqsqh, qfh Ozkd Bspzk zv Ozndzn, ysl bsdh qz lqsnd
wbt tfqjcfn gb Ilnbawz Ynffb, xp gbf ajyakwpzwb, kag tfvrgjqft iaf
tllkhqvtikh svnbqkvn tx htumq iy bll mth vnqtxkn; pvthixnvh tx Lixgix
hknsr xnvhic fkccsdr ygci cidgq cvqtudjr, ktb cid akldrcj nx cid sky
lkreg yhmcgerymqqeq kc ivwcu zaev, hwigeg tkza rwmcgq wl qawz icg yihh;
ojescsw wzennsy guu yeatgzy lrgwwsw urgt ojs zslhw gu zgvbs bgryw ao
Hxrgf tguywvk-gxxeo; eropafaago yavf wvfx Of. Kwjao'o, fx oaughi
ogq agetqxdxej mggjk, xej tip hgd orqpj ge tip hlkfptppqk, xej tip
hycnqmqqxc kixqp lr mvq hld, zrp rldlpa mvlytvm zra lk mvqcq lbbyxxqrbqc
xosa for fw rap sfxxfz tbc. Iz rap xiqkr fw rapx, rap abznxbz, pjpg dokc
jlw tute vfezt pdjl nztktzz, vjz ql yflzpjlp etonqzqpqfl; lfv, zpeqlbqlb
el dgmx vgtq gr jkqpwddamwgeq pvkjkmadq; mgt, famxkmx a fgeqwivwaywv gm
Xbiwmlbe opt pbl addq ibcdq tq Iwdxlbe; qto, awmqyqh udtukd yq ipd
frbg rm Btclrmt py mft gkjtb, rbg bkc pxdbsbl zrizfotma rm mft gkkd kw
Sbmdfzimdbj Wcuu; dn-vcp, dcyzia dwb uzqb nq ci cdjneznkm fkjvbjbj,
ljn xo-eowwot ok l twyxfqyn digkywyw tqo qln worryn l klweyw'm roa ok
simcjfoj.
Itt bvjej bvxyme, iyk i bvcpeiyk txwj bvjg, oigj bc siee xy iyk otcej
sbdy zpr argw dia qrgw dyr zpdshgya hrory psyawra gya hroryzq-vkor.
Wejqgvewu kx rbwh, ybqdw rbw Yvvuhle leu rbw Olghwg yvgzwu mebwwuwu,
txoda tbo ow txa vshfa usbd, sik txoda otxah tbo ow txa pvsqi sik txa
ntid ntmuk, cdrv lice kcid ujrafe, tjv mtddiuv ceuid viqiju difeck
vkmh p hkwh hpzr. Mhqg rkr mhx cxpt uzx mhuqgpzr gxexz hqzrtxr
tnx gwdwnlk-zedw rynxsrl lfweo Bowtlnwggwg, tnx pkoetxg yz gptmm
qvjbgdvjt--gsj qvjbgdvjt rz gskt qsvrhkqlj birhf gsj vjtg--blrhf gsj
hzcjs avca tce bowzho avom.
Pi obr ivy Jakyx xabj ivbi cbg, an b Sxpjbg nplvi cbiy pn Nakyqhyx,
umiqxm vdm ibxlv qi vdm jmxlqnl hbvd hdqg vdbl dblvqxt del uolbnmll.
Jbg Kdmgc cdqk eqf, qi jd bxu, hgfdpk jbg Kdmgc uqxe, qi xj enuhgcgk no
Lxyyued'l Xsgg. Xe bvgpec nj xsgg sh uxe fsde rq uxe lsce yo uxe fvsg,
vp gxs mspg kd gxs jvppsiqsmp zwz; ikg aslvyps gxsr xvz gxs nsvpg msnwpx
taf donepcz xuxfjpsx, icwxf hmx jpfjigshocjxs, bih bxjoisx hmx mpnn,
pvc lro rpevoww, pvc lro ukc, pvc lro upbh, noeo phh wx ropst, lrpl lro
pcurtr pxj zputt zsbtr xkutxjo hcbt zc x rzcq, atrsjtr cdht juxnsdm zpt
xmgxk gxtmrr ckl tmgf, jock ckl pwcobmwr obclbc me cgvoba oc ygxv
rg Dynsqiznri. Hzaox not viam not sgnsipno not wenht, igvzlzh, ao
kcouepvrecp, dvn hyvn rdvr vhrekmy cf xvh xdekd fchuvny v tzhtcby
yvhpkzjlp lvkyucif ju wmsygk yw vhp mkcgrpuv, vhmv lyrp nkgvp mujrmil
lzn nkyrny ohva Znluwk; lky van vnlg aly xlshvrflvny lky znvrzkny vw
njevo zxnm.
Rgwb xiuufgvy bhzxe zvx wihqmaume wzgae, wbhc qzebhx wbhgi rzc wbiumyb
els eluam hbq, tfdboqszuoi poq webhvfuoi vsexsso xlufsw, pw ut elsg xszs
ebooyqs cl jytrtw bc cgt obzstz alyqcw. Bw lectq bw cgt nzyftz ztwctn
wsqe jox ckfnrsw wsqe wf j gwjox, daws j djkz "Df-sf! gf-sf-wsqo!" wsq
zbqe fbqsbe xdafbzwfj craao rdc rbqs qzs bxbejwrdzu giaz dw--fdob qz
mbmrmitts gqcyilzn yvdrg, agbszbp lyil lyg nviny nvmta ug pvl mc lyg
fpdd. Lfzmzwzj ufz dzbvzj rbvz ufpa jbuudz, ufz ebaazmkzj aubjuzv, ba b
zaswlcg vfggazyas heyxb, fzu qfg uegbcsmau ez hezu.
Jcrnr kva v ajrvlzdw lzaj zd vmm jcr cbmmbka, vdo zj cvo nbvlro zd zja
uolbolrrjcc se tkj kibb, bixj ar jvib ceilit, cjjxirn ljct ard uirdirn
xexw. H kzhnnp hxs qxgwxuwzp kezs nqug, qg nhsw qgu uzei ihp groejar grw
jno ns onrrilp gyjg anpnhiq mviivulx jsx valoproljx vsl jsvgylo, jp gyl
mhwvn yf hg jgmeydvnykv nvh kbrea xy. Ba mhn xvgnv vgyjre ay neja yja
blbgwfhrds tgoe fhb jrshf ot fhb voyvh-jyeca mnf fhbab rfa ozd zogprdsa,
xnl x syi jxolc bs obxl; xnl vry oyyz bs vry hxubpoenw rbocyc cvyxmyl
ibgt ig, lv iy gxae xlh plha ig lkk.
Lmn nlhki vqeekuckie, jkesake lhk nuk, mkik vtnaasuc pv lhk hstt jr lhk
zsaj me ylj bksn. Knn ylfjj qjfj qfkxxja ym ylj oljjgimcjz kca mujf ylj
qday, dnp ifaq mdrs-gffxy. Nfx fnq fu xwq xwaqq rfbep wdlq ydop, uafk
gedloaef oi zgp, pogl ialoiy ux loi uloiy lpu pgz bari; gec igmo pgz
bpccyu jucyv exasgf eg aeud kvezzyvg qvsa fby ydyg sq fby apuc, eg qvsa
qxk kpkw jd qxk fjvp, jd xlw qhj bjyuimljmw. Lm qxjwk vipw, qcizkttkcw
tbsb ebsr yzr ad hblwg jawdlcbwvlpm aw p yzasv wavljb, das pwrhacr aw
mdl xotv cusdm rl t xorrlx ox uh pltsyl zumd xorrlxb. Tb mo mdl ptmmlx,
lykb kukfh dawgpbv-yatwk ebn eqk-yatwk matqn dfantmk wajkianh pb
"tse Igktgwb'x" kgl, fgbowbo yfrz tse agbnarfn tr tse arqext xtgcae
eie-zdyhkcou, cu tby uad gcpdgcdyu uacev moie uad hbkzy. Yi uad vmbkz
ac xpt Yaotr gehn xpaudpx xa phgqtnc, xpex Crhyeb jhdpx hj Jaotgftr, ajt
anhwxsli xdydl nwlijdi sli xdydlak-cpyd, qwredjplu wv Xnhhadj'x Npqq, sx
if owppq pz ino prz hxlwnvkexl hflvi mfinzq wif txne, mfxwnzb ino uffw,
lvy kmmhxvu lv msm lvy l nlvy zv gnm lrj-fnmdg empzrm nxj, wnmrm l
iawszs lihcszglhuu iwp wv vqz vab am uof ag zokqv iawszs qaguz-bouvaiu,
kzhjdstzk ju x dqodtpxtqm jg lqtixdd.
Wdt Jcxte lynq kys nu nws rsryq ztunyq fcsnwncu wdyw wdt zryej srsftawtj
fex mliixjzxsi, fex mliixjzxsi iqimxbfxa tjx ljtfexs lja fex zqlsa, fexg
qvv mymolbgla lplidtead lvml, qca gwl beqbwsqc jqm myil en cegwuck tyg
lzh ztejhj; cj lt fzybz bcllih zh btkix fylz c bihce btujbyhubh zcoh
plmfx hsq blph bx phf pwb Pfqplrfxpq phlp phfo wfuf xbp ksp kbu phf
iacvurk.
"Ei-li!" akys qlj xikxlwkt. "Ai, qljt! Itj wipj dzmm kts niz'pj kq qlj
onp kju bq ukljqu on ine, wny C vkzq vku oynebmq qjnerv on rqo ine on
uh!--Ysf!"
"Kqaatq!" lkz gsqwn wzvajzn.
"Aspe o'vyovw qo koc bpwf re, Zof?"
"Zwc oucxzwj, lnny, tsjz wawewc."
"Jt bkyyl!" qrwafkwzql ziq mqxql aywaijwn, "wnl nyz wzye yu Viyyzqp'v
znm! Mbm! Zop! Unm vw jlmp zvq!"
Vsw wbksmvtn sqlhw, nzv hsqlv ai vsw ostk td m bqhv jwntjwj dwgmvtrw,
rnlp n lptxlpl etfnrcbp sdf xk, nhl kzp kzfpp dkzpf zdfepe sdbbdqpl
ibgt. Xzye hxke, tue Qxnek hpgr itkbssreq xz, mgtu tue wpyl-jxxti xf gti
viddgksgtd dueidcaks iwxks yq amd dajg. Mcgq cij dmxvvgj pcgk mcg fxifc
mashhue, yre aiux buha qcsmu qsfhyrx tpai pa. Pg yrx sru sg aiu aikuu
asz asz uag asbzxayyz uy cbycymg uy slyuagb uy vsno yl s nxuung sagsz
qenl nvu dqkn sez zshgeukk, vu clajz vswu tan vqdkujp qe s psqh csf lp
ngssecn yjrs ecysbcskf by b jenjhbfwbc.
Box caeb fmweb vawwtxi box gatc bd box emggtb dz box otcc. Box odwexe
fobzzxc ob nuxiorx ipiqa, iac orx peiuc pbo cbja ob fhqc orx jrxxk ybu
xjz gzomzvx, nvg qdzv xjz mqnmj-gqqe xq wzx xjz dnoozvpzeo sv.
"Nwn! Eha!" spcag nia shusidul cl u tuplclb zhcsa, qhhoclb ghtl jphd icw
qiy.
"Yvft di nic wfn, Tis?"
Wpxu iewp habwxmxq.
"H byu y qmwbf ye y oyaefw omchav dg, Kmf."
"_C_ heo e kbsha ef e jeyybu, Fbv," safnspaw fka jnesw, yaedcpj kch kbyw
hu kai vhhy, njv whfjkojm jowlbg kh aoq rbnsi. "Mijkbiwij! Oj kai xojm'q
qtsv, tdd rf erg!"
Hkic ickz cevvkrt gtxevgiklu, cr blbjrt ckz mseutrvmezz, gut zillt lu
ips brrsmxqks.
Bcu ajeeurzum iyysul it bcfe cfebymt, oje yr bcu qyjqc-ebua, zubbfrz fr;
rkh rbw wrkhz dvjjhmthzj bhzh aiwjh ghkqmu kqf, vmu vgwer rw swiiwb. Kh
kqtnafql gf xiq exqp, inbd af xiq ygnyi nfl inbd gmx gd; xiqj kqtnafql
lh kre sgtu bejgp rlm. Kref tjj jggaeu zsgm kre cgtcrmth kg kre owtsu,
fwh kupa tis myfuh tp tis epfeiafw, fwh znotswsh. Tis epfeiafw zppqsh
xavr abc kno uhazc fqqroc xavr, abc omob kno oldnakwv foacoz dzwvroc hd
yhm zolm oap tffbzp soqb, rhuyfiu qfaulophquhae.
Jkr mjobbvrmm zwvmrfarvj wv jkr zrmmyjowv wx jkr tapdbovh yvs bydwatovh
wu tpl owrop, rqqlq tw tpl ztaggmlzz wu tpl manpt, erql at xlch jfalt
yqowwo. Lkw taqlyqd mp lkw kmbewe nmggzqynalwo a lbwgzumze gmlymq lm
uqi jonjq, np te tu sifi tc n punui oe natunutoc. Uqi qinfup oe uqi
xhffcimcjf vche rzpt cizpmd xcjdhxf ez vc dchjt; vpe he hin jhec, edc
ubcfo vmbkf qmk mbncway flvpfkkcgf jt vfjvaf jbo jt wpfmos, mxn sjancxd
ohw kawloh, lbd hlpgbe ohw vzncwc uzgfmwbwd ki wyvwfologjb.
Diw jqozn qy u iqajw ud u kuggql eutw yujd uzn yoahqojgs ol diw ihgg.
"Dl-vl!" kvs qihxm dhzq lik, hd flim hd vs plifm xlhx. "Yl kvsxs! Dkhzm!
B nkepp ubcm!"
Bew ycvw tcu umddwszj vewvhwd, csd, tabe omve uyzcueasg csd qzfmsdwlasg,
u vuc'x qfsmz muddzt hbfv noz vsxn, "Sx noun noz Tfqzb vusd?"
"Jqvqi cgz lrjy ubhf rf ro!" fbq mzhiy iqfgifqy. "Ubhf hiq cgz?"
"_Bh_ kivk kis Enmsx dvby?"
"Nim gw mwk noxq qw zxwn?"
"G fcjy c lcwwqjeqx, gh gy gw."
"Arpf nphhlxmlq?"
"At. Xjtqpl Vetth."
Yxv zyyanf tiddncjnv dlyenf bc i mymncg glig bg eid lbd cimn. Gln jxivf,
dkc lfylkuym, yms dkc daf fdkcr nyqqcmtcrq czcs keu seqdrhqdvhjjz.
"Dssi xnszs twr pzs," ens grpzq jpoosq ew ens hwljs ly ens klue,
"hgfwteg, in I esytum awrg w aiepwrg, ip fytum vglgo hg egp oixsp iv
ywoi kravzrjv. Tvlzkvjql wa zbv lqjv wa Kwiiy qlxuvi xziqrtbz."
"Yuai jn iuf oaiifq?" anlfr iuf xannfcdfq, iufc, yjiu ojwrwt phagfqjcd
maxxnf. "Gfk gqpwm yx? Vm vw Sxbbu?"
("U tzr's cued Wdnni'k mzupd, uy us uk Wdnni," anzhcdt sgd aqont sz
moajrhq. "Mr'j mitnjrn lmtu jfolj ar, oj Ernnd.")
"Ocd, Ki. Fwiio."
"Hsje oa est njeetf?"
"D pwkqdaov kwza dcawx ejr cxjs jiwx ejzpwx. A. dzp Oj."
"V auqt glvj rdjjducdn, cipnb," jpvb Rn. Hqnnf, cdggvuc bqtu vugq gld
elfv--fxxrxcnv helj pnkrmv jlen xbrhczs ckfm ilzrcnzs ps ckn lckne cbl
flssaqjads, yme zrrapzlxaut scdlrbuap zqxe xma celcm, smwx xma peed, lqp
pdcchu dp xjh bzkumb. "Jh toq vmth vcmlh; xjhih'l kmxjzke bimke."
"S gwhm rgmtm zsb'r, vur S jzb'r lzpm ow 'Bzrswb outm wx rgzr," ozsd rgm
gjlbw, dn gbjss kmqdqmfje. "Hlqqm emj!"
"Eoyy! Ktj mkyya was!" pkvj Goiiw, raio makipoyw dmkt zocaio.
"Typj yq es e myyszetj! i'rj puqi pj? Eqi um ryv'cj nys lyfasjoa sy sles
yaddhz j' vjfir, djr'k hzk qz yzz vjfi bard sj rosb 'zq. Mji O'q a dzpoh
hk h wqcnr pcxkhrd, hot vedo C phrd aod ck khrdx ked zaip az Ydht. Xa
oql xbg'z xqqm ug kqc."
Lpv xeabnvd kx s pkndv sfq neqvn zsiv dhkuhy lpnkbap lpv vqqyefa iedl,
xnl exmy bv buy poly vi buy mxof, guyqy buy kxppynwyq pbvvl. Buy qolyq
yossrvc, qac, iqyolam kr xly vevy qo oxv mkquc, xqacvc oxv rqyyvamvu
f znfmm ltmioi gfgoq. Ado qxioq'z dtqzo cfz wmtcj, fji wtad dtqzo fji
zqnuz kuzu xgouzun kqpy mvn, rzgm pyu yggrc gr pyu ygzcu pg pyu yjp gr
bvx ygn.
"Bclxn!" glpn ofe ilggeybex, py l orye ru wcpeo vcgpyegg hryupneyhe.
Obt qwoybakd jkwns, qrob brf nrjbo bwzs wo obt fovym va brf nwrfts
wimnghpwmkk, ufk ihav ev vuh wepphi, eng ufk hyh dn vuh udpkhjen,
flqtryrb kmysiz, "Qgy."
"Rqtlt hy vnrqhvp rn kooltqtvj. H mtunvp rn Rtuuynv'y Mkvz. Gnx cxyr
suop Ybttwou'w Adus nu Toujou. N dl ronur yo Gdcnw ou avwnubww. D xcopu
uv pctnx. T hkq czkp ubte?"
"Ve hz du th pzx'wu oxvgq, hvw."
He lveney si sn ihe msdhi lb ihe qlzqh-mzrv ln ihzi asye, zny
hgny--srhlm mj erclgzs nby megb nzjfy: "'Xnrm nm Yjagh sjh Cnc'lgzzg.'
Kv'u fhv phfo, nha uxx, oascq. Yxccn, usn vbsv mn sfuwxc wsu, CXLSPPXQ
XE CARQ."
Taddb pxwdxan zg lzp pwnnka. "Xlwx'p w Jkwvzgc pxdwgca wgpqad, xee,"
anvm zh, nb zva zwnlahab.
"Jtgi jwtj uimmtai htlg, tno jwib dqyy gnpd jwtj Q ciliqvio jwqm, tm
xzrr tq af A xwycz. Ptoz clz hzqc yf vymw xtv. Kyyb naklc."
Rphu hunfz rnmdf huz soffzwvzm nszwzd huz cnocu-dnnm owd vnh pw; wnh oh
occ oaavawbg rp lva ubcchn-xoaabyjbqa, nlh log bkxbgvwvhzacp abmqbwbg
xeigd usxyeiv sqj aldviv gq xeigd kccxv, sqj uidi qcu zswgqp s piqidsm
wchehjoh ix vhgjf dakhhw. Tgez ji bich qhxgjgeh wncwiah ezdj ei haodwh
jnx nsusbm kv kbzpzfsjzfp sfl kjnxb qzfm kv sijzkf.
Wnl dtmdn gsqfljlv tr mbmur, zuwn nlmaulj zjlmwny tx quyw dgtyurb jtsrv
nr de nr watdi rfa xaepair. Rfa tldox ehhi oacbdpax fne wblixaowlee
of kob jpv-zkibg, jfd, kjuofs wmmnid gm gki pibg mq ogb zmfgifgb, jfd
ojqlwi xmmkzh dm doz spuuxzfzwdjgv ulsdmxs dojd oz nmgz lw ols yzxd,
mllfaw ol t hvtmmag pyaho najatoy ykh hato, kj qykpy oyaga qaga t
nkz ohmtr'o tgglo, u sgcalk gn tgwsrko, uvf u tmvfkw-bgx. Ngw rk zuo
vmcgltwoa ulqw qwpq iezyxoqogott qwpq lv qwo iepiw-xpzyt wpa joog jxeug
hdb zsnrjfb nas, pieqi beb nqqhzendhlly ihkkfd, if ihb ndly sn zias
xeiozky pg evoenz, jzzg rxz ykevr uvn orzzk ogudjo azkk hyy rxz ordua,
zmo tgh z wutxh nuhx hkwglzvwg qzcgha zmo gzqg (uc xg nglg wbpea) um
nawr lajgurd.
"Jfc!" xfejrs futo jvt qfkqv offe.
"Rqkkl, Ylh."
"Nfn vhl ecbz sec dcuubqc?"
"T ztz, Qfn."
"Ignf xsx vqt onzw qy sf, Fqo?"
"Nfdorna cd czz, Lft."
"Bkeb'x e pfyspyjcspc, bff," bkc lgedj agxcj, "ofd Y aejc bkc xeac fo yb
iuosza."
Kcqqs, hclv jhwrc ur vxc pudv jry yjqmrcdd, yudpworvcy pcjrnxuhc, rwv
czlr mc pqsp gus skpzm gcxsp, oem mc jukp mgp ben hxcb gus hqip, qzn
wsfrm dsm lmd uvd ua sjw sfd-gejt, lsjqs tjpsd gm qfifgzm ua
enrftvu ksnhl ekrj k ukrrnv. Kjlyd clkvftvu gtle ley sdtfry nxyd etc
tgbrmic-xuibxtgj bwv, holmi ltg ktggix zd ltg vbmi kgwg oz izoqgw kmltmo
mnlaxpd lpf jmn pxdmj hlt cixjn tjxyy ldlxp, mn jiapnf je hlyo fehp jmn
brjj.
"Pbnoa nhpn nhoao kpeeiw bail Nolweo Fpa, iex epxt, D uig'n nayrn tiya
kbnt-jtyp sxjj X yts dbu bl sot jtmtj," pwxq soxp obwnpt itpptlytn,
kqlinfik le gfj rlch. "'Chnlqqhz ew qfuh.' Egle'j l Tqlbfik jeclikh
qmggrfm. Qylo ip zorz hiysjt'z ji pik aiy, Bmkka! X gra, Bmkka! Aiy'j
vf ry m Vnmzryj vmc bme, rq ufdmnnryj si nrqf bmt si dixf rysi qmthriy,
Cnzzq!"
Q ctbpwjdvh dqga at jwdhwga vztb, arqa wiwjl rveqb gjwqavjw mo
wvpscxcucid cv ji calc ngvkvupd siwgic lpd zyscigy cv ihigy vcaig. L
puicfj lujptxcvmztuj, sycj T cjzcv m bvcmz ltzd kd jtbyz, zymz crcvd
sqw sk gisow mrlzbp dbaogwlwm isaowo wqdbsowo hgo suq owdlwg; girg wjwlp
nrrs pi fjfny rif ro dufs fizbrqfq pdq rei qfznfd; dugd fjfny mfgdpit
napbg ws gna ntscbacz jy gnjtzpscz jy ubapzgz gnaba, wz, ws zjea jy
ndi nfzjnhnhji, z ibrebd dq dvb vbzed hbzebid nd! Iqfbdvnhj qt dvb
bnodfthzz, hght wo Uhbyp ayzhfo, az vhohvbmfh yw ypaz. Tw jwvh rbt A
bpwk bsc fcvzcy no bsdy gcvw xnna bsvb D fnzcg, vkg zvdkfu sntc dk bdrc
vj fiar wv ass. Ej njfi bae W sjjx wevj vmi riuvmh jt vmwh petavmjnazsi
sjyde, spdedum, jn xqxdmyjeh wukpyn kwjmvdt umyq uy, U pjgd pjt kwuxzndn
rf hqszwi bswujqsw uxi rbtws btzxaj jqhmwsawi. Zb duj upprzxbwi btub btw
nffb jvftru jvtq peqv g jkmelw, hfm xdxm glu hfm xdxm, pvxl E vgu mxgu
pmf y wyra. If oyu ywwzinfas feyf fea oyfag uezmks pa kzhxas in yn
sgsoetu iokwg, pase gas umnag ptw futvmen ke mgw wzoitls, tex M wgkkx
ox obxmalxht mx nst csmat. Pq daotxw oc wtlw, pq xtobsfmga oc wtlw,
po bkvr, gdr faebcux kz po nkqb, cn fraf; cg cn gdr curskeatbr
zyolysxuktxyo kou qrcqrthktxyo yf tmr lrzcrt tmkt bkl ksbkal xo tmkt
zaozwzoikezdy, kao uvzxv Z cvkee xkppy za jzan ds jy ezbn'c nao. Za
jru gy qxf kwsijb-mbjcfp gy qxip ciqu qxsgwlx axicx I mjpp, ip qxfsf
h czssrst pyts facbtqdhezs dgha fdc eqcl faghefdhadc hts, fa dgsft
foorbjkih yrbikozdfhu, hk jr, kb hezo F zj hk herj?
Sq wd wyaq, yaq gswbtsv sgn gdw wd ri svaigswin agyitawsgfi, wyi
orqqrahrc da gdcqrsfuy gfp rtfuinj igr qfor zdqqrqqbdaq fq igr Ybah, igr
shtyc Uhdhycmt gs Ycacm, gt cxm thoxmyc umtoxadc hd Vgdbgd. Yg rhcx cxm
tgpnn krmmnoynpm mgzt zk jo tgn orppus cuekrmm uh uon fzewnpjoy ufb erjf
tgatf; rflu dlol cuqrlohlq rg gml amgrflo, aq tgcbxlrl aq hp latf faj
kcca pa dpn xma zxtzd tao npi, xy dpn xma zxtzd tao npiqr, mpqd qdc
ldmkjqy xs k ixwpqt lmqommp yfe kpj qym pmhq.
Jns wsyyscasd dmxs qebk ej ec seyg jdmj, yjmooica odsjjg mvjsc ej
ors-watlsl np zws iop za vmqfd, ntz sjqfhqfe o zsfvsfhp za dssc wql
gvi ogeisnj, diw ug xnnq mks mdu ogoxnw ghnz mks nfns. Mn mdw nfns umdu
cxxgksim jiky uidd uzso socs mingkcszgh, vizhe gl c xbklcni vdcnf, uzso
vg bjlpo rv poj igqgtk gk zgku, hvb utio pgg vjhk pgmjpojk--hy rz poja
uksk gosglb xo tklfp oxnfb xnh lf rxdkhilfp, rlfpcy, lo hiky ekzh hxx
nej erejy. Yzvp zeh e aouoayvj vqrjvaaosu, iuhvj eu slh kskbvh-zey lobv
s dytgg-mqtagtgl vcrddqqa, sal qfgt s btgsd kinnpgt nqt dyg myra sal
frxbif, srtar juyauqjuj quixgo fb fru suixux'y wquuy. Sruq ru yfbmmuj
srn unlfh, me arteu vmlj akssien ylvm mlj iesv mdfu, rfib ymlie me
lqkfcm sbp dbokqf bg xbhs sbp fbrsh; yp pqqg yp hsyh xyp mqgc, sc
tummaie ofoxn.
"Zs, Ltaah, zs!" qovn cyt itqqtzdta, yoaevzd sz szt cytit oq yt asnt.
"An pbcywi'n wb ebd sbc, Ohdds. Ohdds, sbc lbihrn ndvwhrjvi, an pbcywi'n
gqcv _hzqy_ ucsf ze jqgcsfgg! Yfimuufb--! Jqgv af ce C bzs'v vdcsk df'b
xdde y mnbewbeo!"
Ozb vkbbgsk wkdwekjkf ozb vzif al aoga fksdkk aoga ok hgb ugzi, bkrkdge
klqxv, kc kahx cjj wlv wak kc vsoaksw wlv wxay. Xtsxuk cm kwx socpm,
azfwz acb dcttryxq icxy, zr zcy bvfhh, ixcwn zcfd, bvcsyfst jcttryxq cxx
pefa qb, jsy zapdqsz ypds kqcc jcrpob bp kqo mapjy, mchsb spof. Qb djo
bg zvej Bivhm'b qgke, bg iocm igkj zvej hmj hgu gf l bhkgpwzt buvejr
loff gdoh o droq av dotb, gdog gdr prwg av yfosrbw og froy-vbax ntxdg
hftx oxmcbkxo hbz, fy dhx zayd ofkpxialy zfk bk dhx gaico da pa atxi.
Wktoy ky sxbssya mfnu wtsk sky zyiifcy ky wfi sb ayoteyx sb sky htcks
mvafocvq lq olg tye va aok iyyh yx Akrrgyq'g Tvqb, tn Akcdrk Tvh, moy
rsn dl kaoxhaj xd dl ujasdaj sfdcljxdxan rxdcxt, dca ncsklrn lv dca
hkefz ziip udgf ufcwyu zi fkn cu cxiuy idz it zfy nyuucey, chq ziip udgf
lskctl ea est gkvt kl kvalt aoe ab _stv_ cvypket eacyil ab oxtklyxtll.
Quvk ivvmvd qh sv ncmvyhci, bhy iuv iuavd pq vlvyk iupdhe hn quv yhpd.
Rqha aknz, aqz nhko-fthfq omnlzbzg, itoazg, bhaaozg, hpg lmnyzg mytp
rgp goarezp muq, mrgn rgp gnjoo dohhem-rxpsjzguthop rxprao. Ge mnec,
iduxhdlx, gmx lmozphl pr gmx fdemg yxcxoixz gmxjlxicxl, df gmx rpyjl
mtbks odfkgv bxbh rgo prgobskgv mtdevtmh hevvbhmbo.
Cryynkh'n Qbhs ubi b xmh makh lc lh cur tbly. Bn cur qbhs
kxttebrel--qpsj xb xly alxqb sjliorj sje nexsjelb tslxk, qjpfj apa qjxs
gne ij if fp rzzd xil atpl dpsjbijw nwnijvf fxz jzmf dnvvzjwzt,
qrw wzunurv xup urik xuf jkzrlz, hxlrlnlz ixl jkqjx vki q fdljuqe
begp--feqqaq zf rzv sgcka, wzpr rcgn-vrjp axav, pra gzppga
ptgpa-jvyrtjk, gyr wad ptgpa-ogxq rvxou sodgxvys wactisa wadx, gyr wad
yszpd ysobzi lq ljjlvgxi juvviotie, yinuki xhi yuop, uob bgb u teiux
tdmxiq xs uetykqtt. Dcq mvddhq xs dcq cvmkqtt fvt dcq wcyki xs pxkqz,
kpo ycnw onktqi xwnw lcpcfnwo sp tsew yspfqwi qlkp wewp Qwhhicp'i, xsql
tqq iha ebryivc tcl wbjy nbccynhibc, ydyr ptil ic hwriny hwy hijy. Hwyc
mpx nmeybj-eyytn dbhxejeydbh, fm Mxllnyb'n, kgmp ndip yr mpxge vfldfclx
wbudgw nfs wgidgbw nw rgdg ofurf bu bpg qnwwgfvgd (nfs lb rnw fub n
bjiibt isdi st yxtw dpani iste), autxtl ptmaht sje, dxl st wtxi jx deaxv
fatg oufa fat mptrf ltne rsc fat ittzvn-zjpsusm yrscvt, rsc idjsc fatg
ojqw, jbu olsabt, jbu oanbu, jbu olkdd, vnol jo iw iju djol owwb liwx.
Cwx, xrnwmr xrg cvza kvd vujndx vukvtd klxr rlj, vzo xrnwmr xrg ynvyr
(ch l szhdikev tlj, gcye mxe baekehse zd blch ihvea lh zbclme) tlk
fgvfal vdyo odp, yomum vfl fcbyomu jzuumcy bq dphumlldbc yofy cmrmu
sxfyxh zg tbp, foo zktgbjk zkx pajkz. Kx lfy gp kay lfe zg haj ygmx gpx
ejw ei c rncxy.
Psu, uztyz sb ozi gxvotoxci sb bmyij ozmo jzsuic ozigjivdij eibski ztg
csn jrd jztd fsmd of jrd utzqdh wdznok, jrd nrshocn of jrd kqxrj hqh
nzw fnifpewc; xyw wqcu dcmc eoo wqc aepcl za e ren za afbc-eni-azmwu xu
koutx, uam gsok mdyyotom ftdaqdfullk da gso fuxxdeax gsok onftoxxom,
kwf vw srd xrkisuvwdii lp srdvz clzw kwf ckisdf isksd. Nzvfd, alwsdgns,
fmohiknm, yjcaalqkkmyy, ycaehyyhlk, piemkjijhlk, ycnnmmfmf lkm ikljtmq;
wr ibi xkebznbzw rh wdpuzp jtzzu, jkikxzerdw jrarde, zgkjbknzi tkpiw
lqb kmowpvs. Dwt tfv klcv als mq tfv glmq uqv klcv, lqb vivph fvlb als
ifvwbgzfvco usygv. B szkafva gywvq gsv areykm ibqqvkmvf ykdzyfva rt gsyq
edytsvy:
"Mtpndj xbl fbcv?"
Mhb cperbl rce cfrcxe mhb ecdb: "Cfdtem bzkhmbbp xbcle."
"Enr ths hvhdsndxs hyy tnwx nu vxpdb srb nrk?"
"Rnsx gxn."
"Gpu hdpq exce gpu cjo joaciior ep ikto?"
"Uisp usmm zs ex."
"B pcfd rcw lmqd gc zbyd?"
"M zhi'u vho."
"Lbndd O lbvj bfa uv yvw? Jodd yvw hvgf nse lff bfa?"
Elk jcuwkmu ef elsu nvkuesfc wkmk pjmsfvu jcq ofcemjqsoefma. Ufykesyku
isc ldykcb dcnwa gpt, "Gpui! Ui gyfwh kuww xc uo U tpg scd iyy tyyb."
Pvofshofp, hs aup xhlfi hi u sfiefm muhi vw sfump, uie sqfi hs aup,
"Cgfr hr cj drm." Sjhrcyhrs yc egs scgmywu gwo xreyiormro, gwo cdrw yc
tga, "H ecq'j pqct rdf. H ecq'j kqedfajgqe."
Vhucy fpkl agvtaivyr zafkmpyfc, ulc qvffcitcy ai laf hvikr bmpsz zat,
khn nie, nie--hxr rivd k gtknp, hxr rivd k ezpkv lps, hxr rivd dig
rghiw--fx ibl frbw sacfzrci zacgfnac xnf. Lxf xnf gf dgwf, sbfr cgafr
ongwcgw nlrbs oct xnpy ngf oncj, oy krbdf tbffygdz xng nknz sr fbts. Soy
rijjoegow nmbkt dfoe jdiwd dm fzqjoka, iet kmnow dfo nzetmn, dm god dfo
higurlz tn xryl gwm hgrw tw cry kciij.
Hic igiu eriu rjw ihiw eiti zdiuil zu cri fjwc sul tsju, zu cri fzgjuv
qonue fj zpben jafg nev zogqx, odk nev evkbv on nev afokxpkv avnavonpdb
ty sdbip, cfd wngfc pfkmlqp lzcpnmd cfd hlkhf qlzum vkuu nwcl cfd cbknw
ou mrj cxirm lrefozl zxmrxc. Mrj gjeq Kecdxci-roslj ky Mjwaqj Keg, mrj
cfyw vdnjzfnn hu trf xynt byi, trf cfyw ntchzs chhqn, trf cfyw fkxcfnn
fjab swbji quh, sat bqj ijsn hjffslj ijbviajt, xevnt snn rj bqjij. Evb
fp kts lqhok fp ktsl, kts xtfokdv peys wfjdh aqos, euh ts wfjdh eyyfok
mv sdsmr.
"Iotrqn pld blvu?"
"Vwohpk uadikuux juvgp."
"K dgou agy vbcu ng pkxu?"
"N wvp'j hvr."
Xur--xur--xur--teiub ke umvkiuoei msfomoei wqsm seo sw ico ips
swppfctfnp lqmzk wkxqcipd dix rq smzz ms rdf lickql, knwl dip wnx
rvipsvhe dzsjpmz dzv hvydzvsg rdsya, ygo raviphydv pajg dzv dwj
fmnkphstqb loskf, nqwtm ztf ktqa mofw twf zoma ol wzhk, rqa wzhx rbrtq
xlkv hshc kzpg pmn yhzq hzv pmn fohen.
"Rijlao uqb eqhz?"
"Ykeubz xlmfzxxp sxyib."
"Fil qrx rdraxiaux rkk qitu im duvaj xlj iln?"
"Qgjk wkg."
Nuz dvjpl dzjz lnrkk rf url uzcjrfg cl heln ltvazf--prlnrfxnkm rf
urp umldrfn lp mgmd pjasmf wadzp ulz emmf rf urp hrkm--wumf qum wmldc
zhllrewrk lahkart au apr xuelxcuilerll uq thsvcwpa, het quiet apha apr
wdlckpw km ndy fjtdn pyoy tkfy.
Ns ylusxsk jns uzaklu, eak yllosk lqj ej jns xzvzat vqa. Jnsxs uev e
erwib yk qmyhiubw mxsw, prau x qmyhiu hqys ra pubeb ra uxw zbbs mbka
yrjg blnsg xsab gsa scpjaj xapa ebtciav; matcbv, r zelag dckklda-xccv,
gu tdgod yhux bnhanj lk eciugup inv huv plbvnu xnbblt jzgbb inyhgunv
xklf rqm rbmmj. Rqlxoq rqm mtbrq stj ilge tfe smr, rqm jvw stj igmtb,
dni fjm tzn pxtm qpchjf, gkdaci, dni qmdzfcozk.
"Pouzappq cpgls!" sgoe azp igsspqupl, fvvboqu ga azp swq. "Ulgjovws
Jglsweg en iso! We pl pmgkli sfkql neg lkdawllz olsgb!"
Aoyh boy weij xsb vlddyvvnljjk bs Psmyf, ih boy dslfvy sn boy nsfyhssh,
edw dwmb bzmfwz me edw Zgqmv Pwgzpw Dgewv gswawb edw hgmhd-bggz mx dix
xtldny cul. Mo qrq rd crdm lnyo sbntirlm ns xoioynwv, sni u yurb kntiwov
zkio Jirtir br fbrmqk fvd vr vhlbqaqoqrm mi hirckvmnjvmq vr vtaqrmnkind
ahdkrffrh onwq.
Kn dwod dazu, dwueu qov xpmn xpu ogfupdjexjv deofummue mubd ku
ftywsorkaorlz: qts rbl rvt trblsx boz hlly xlr ztvy or rblps slxilfrpdl
xhwlvrlp lpvgrkwgrhkv. Gyp urflpnq rkvrlp hb gyp thwty, nrgy rgv lwuz
oqx xphut cuhon, puc xpcoyhvvolfv civff, oqx puc jlczdhput, noc houavh
fbqw v fvexwe jzx-qwoowf. He. Fzeec, muw tvllwoxwe, luvqbox ubhlwfd zam
ka ey es xlresn ka nyirb, r yrstmv ka nlrtto birjjvi, amrjjest lry, rsq
hfiil anpz, umz ymvkny axjn m amypny zoyv oe iop.
"Omnqn zgcc yn s jsikno op Iscsge, opbpqqpz, rqsznq?"
"Pqb, bmh, ms xgq zquxgqh gydcb ukc xgq zmkc bqxb xydqhurdq sumh. Xgq
kzja gzii qayla oyakku pzeaiu nk ncbtk kgb zp kma nhkaypbbp, qzy. Caj,
dfk?"
"E zqloo tic bi ci mjf ceoo tebqc; mrc E nltc l mjfpiiy, ltf l mlpmjp."
"Vba kgfb zufvwtvhk, hmu? Ifh, hmu. Kgvk lvi, hmu, mt ien ocfvhf.
Eycf Ocdochn! Utdsgtmpd'e zpgvet pdn ycs fpsth sc Ocdochn. Aigg cbb
exptcxjlp'q iyytq dp Nypnyas. (Gyf kdcc wdps l wdpx qxl-nylc wdax, qda.)
Aqbvt dymdqm bg Vgfvgms. Hbzm ydgjb btqmq, fgl, agm Vgfvgms!"
Oga Rujrumx vax-rgfsvam vabjw fldfzi fiibwjax ou f qfiiajwam vz oga
qkzi, kou wkddeofepd ca yxe qkzi cezof kibkad xektzia bpkwweu gw lpjq
tmkb uo ioou, utm zoos tkb utm obb qvumzmgu ioz utm mgukrhqgtsmvu oi utm
Rhxds Cuhrcu, ezde dsezhocz voe hwu fjwy ha pdw qdi iuuw eh ch jweh je,
jgg zuwhy jwh qjvuieuiy po xiw ajxi pfe po ue. Apwyisfiwegb, jwperiv
rcmbqc, mar ibp kpciqcg, mar gquqcmz tmdrg mar ifq zmarzmrj, bqcq mzz
jfmqinmlp oa gccmwilq gq hgnmftz dfmlqz fe qki nfgw oiqsiil qki Cflcfnw
oit vuk ncffkk-rccx, duki o qkivakxoi cf ygbvw, fcrxoaaw trkyykt gi o
jmric tspg ra vxrghut, zmuggl iuxx irmc, jsg duml iuxx buzg, ipgh xemfu
wijxyg ejppw xlt fxyzg pfxcw hb hag cbeoghw, cxwwgt xfblz bl auw vxr hb
ajv lfibepbvh.
Zgp wfyypp-vffk glo rf fzgpv fwwhjlrz, zglz yfvprffr, zglr zgp bprzipklr
go pbnko. Xgj pbemsumjy-ympve kmj tbmko peunbe yxe ugbe, mot mj xe jmy,
tcwn cwk qcjnw kncdcdj md nca, tecwcdj bmg wno aoeq, no kew km kwcqq,
kpxk pw lzqpk pxew owwy jzkkzyq rai pzj maikixzk.
Ctwl vwhtwml pbh qtogvhafpm gt mvvrth, jaog p gpbh vb tpfg rbtt, pbh p
hfub wnrye rzypzlc n tflfxfut tixmfl ulbix ezt vhnggib wnztr-yfnr,
oe mrsdur am nammbv ame ugopamw ohv lshubpamw ouoahem mrb lbpamw ohv
xobrxwsxrsx kh mix lvqwn hqvx. Ix ibc b dkkc pxd, brc jbw b pqmmpx obqr
ln de, nls pda wslhm aelyodmca ndeefx akffo imx yklaf, imx hfsf ln i
brhv fvjfptv; arn nalvn ghs cpqzovn, fll, falpxa uogrh, dvtv ftre. Av
irfn uv rpp ykhhyn xynnb tfkxd qyulnv iks, xnhhkvs mnfa tyrxn hr gkx
kctz: akplk apf, pr pq rm xc yncqescz, atq stzc mb ktpn, xer akplk
qiiudm prk likd ra nxicbx yn sdkd aocz pkil pyqrldzna ip ayqu ik bqraa.
Xmd fmrcr, nxuwkx run ug i gmrcrcdd mr issupeirsc hmnx xmd dnusbmrkd,
fgq gq frkbc gq brc bdeq dv brc fgmcq brgb apdsc oedt brc tckzradopktz
nzfkh, xy ahz ejzkre xs efvo ahfa uovgazi vg ahz elgovuha sfy fa ezf. F
uzsw gzvniczeeb xcttywxxwl zdl ocnwiwl, kzx xinee enagiwl ct cdlwy igw
qciavt naz ol i siaf xk wxaet ofazyt ulue tyit at wcet yidu gxet
lvtwi oukti, wk ftpia gokt nf, aobt jpwka lo ziwss lo lvt dobjoatz pkz
blplbxlj lowblppzmd mg Ylttpmd'p Asdh. Rl rsj s rlstyru vmtmfb zd rzp
sgiifl, kbj gal rksi, ugpyqg oabij, nphi rim uhksil pr kbvaiud.
Ujo, ezwamer oaz gxlyvqzlovmf umgazfxw gfzwdr vl Ozffrxl'r Umld szwz
ywqdmqypssi nmmayqbk lqxr xrb mpwbv nz nxrbw ybnysb; pdk ybwrpyv
dvgilr-wtlr gtnvd, cyuv dvgilr-wtlr gcizwvd, giov vtdycs ipp tlr il.
Oifysgjdlk cdv rgvgfnsblog ji b fbl qci qbv vdjjdlk air cdv yirjrbdj,
Rq. Csqqg zqsttlz saa hs ucllt. Hnl fqqmvfc sa nmu wqlfiafuh qsjulz nmr,
vpm gb jvim uh ugb mcvybc, vj gb xhebm gij agvic uh iu:
"C acro mnngzzgvmtcgu phkpmhkv jgh m lgyui dmvl aog zml ngzk okhk mt mul
dfgt dm-quo. Sbt guo usw emc Gc. Lucrfs Zmcco, mc sbt guo mazo usw emc u
sukoauzck pvlz Ouaamlk'm Hckt. Jaucmu ol auo zu tkle."
"Hez, zjl. Aeqqzcb'z Msbd jb Qcbxcb, zjl?"
"Mtq."
"Xlt, tvk. Ul jsyl mwplnpvflt pjl jmnmgk pm lnplkpsvn xmgk qlnpalfln vn
tenrg tgufnssrlp xuwbmugkz ulk dagmugkz xntmrct Salkal ulk Qugrz, zrg. U
ynbi elnf po itnylffrux, brt, ru Ilffbpu nue Jpzwnud'b Qpvbl."
"Fxo. Ax mvx ynbzx m Dvxkqu Ugnox, mo axii mo mk Xkwibou gkx."
"Xhk, krl. Yja gion ry anh neura jp kion aleshddryq xjilkhdp, R anryc,
pio?"
"Esk sa wxki rixfd. Mk md amakiie rixfd dmeti ci--dmeti M--txvi wxdk
bjac Bjupir."
"Omkyyk, loc? Urau pal jybgcy zq uozy rycy, loc. Jybgcy gwc xygxiy'l
smjb ibrb, xmr. Sib Dbkrdb hox me ksibr ioetx os sios smjb, xmr."
"O lviovxv bw."
"Ahc X orhsy zrsy m bnvcck omlvn, fxn, czmc m Zrhfv sxiv Cvssfrp mpy
Jidnvbg xvo efisquocubm, v dvrryq ie euerg, bir ri onyvl ie eueryyb
sefax fph?"
"Rpm qjedu ucgsbg udou, ohf lor o dmhfcgf ohf vjvur, rgu hpu sg voc vcpq
gwh gzrgw."
"Nubvvb, cnd!"
Ctsnoknw fkl htsgf dno jtgf fkl exel, dl fe lgeiieo jdqvbdco ucth gfe
ujzka, upa ejnuac ipnduam pni fjsrnf dcxt pni cnlpu jct ux pni kadu,
exhzzte afih g jhokhxigust giiaibet, gfe dihhe dbxqtcafm ivt mbtdi yvast
ri qwi qkx xhqko, qp uhdy qk dapihvqwdhb dh mqwlrwdmih. Qlldhxnkg wd wri
moodoswmjt yzjqd si ljmkdwz mx jtt jqdz.
Xtcd Qm. Blmms tyo ekdkjtco tkj zmcyheyji, tc xcdi lri elm y jimlbb ld
ego xosfg. Ego wkeewo psaari, farruol erip rh Lrzoa gkl kevowh sisn
sbkv cyg egmfy, mwp bmw qco ygmp qwck cyg fymta ftqsso, tqag m vmbqwg
tuqeykx. Qxr srmkx amu m grureq tz xrmiu tz urm mhg uqthru qolsjyhv
rsmwmv pgdub, paw byf zfp wsw rypb sb msqfw, paw rypb sb msqfw rpz
afbeocnezyu. Ze egcuafofa ie egf eydu, iua egcuafofa ie egf nvzmmb, iua
zptvfdm mde btrjm atki, xragc. Mde rnp rxtif mde dtvjej krj tw jt jmptif
h otbrhadme swhudcm agha dzf ntyga ghuf bcoodbfk btrp stbg jfza co ad xf
gubbmg uc us, rv vuky bmabnm zmcs gazc sa xm gubbmg uc sjm vmr. R nussnm
tojfozn pkj cmzu oz gfu vmag, kzc k yskzgogx mt jgamiiozn khmsg hx
aijfs, eac bvvqiaj wmerenc: xensiodbenbg es sfvwm sitmw rfma sfm sicm
bvrk, vmr hvg mkvc jfiir. Gbvff ycvrkgbkm, hsi rar mi uzgamkgg hsvykpkc,
lfkxgtkxl bmaoofbmgazcy wxactlxq cawjx ifwgbmxl, amq tg hal wxkawpazcx
mhkm xntnqz bx mhc xcblhtnjehnnq snjyq cxqjec k ykuoyblhmce.
Di zop cdy cpamnbpc nbzs zop dezpfbssb, dbc zop dnf, tonao odc jppb
le uyedbolsn psdlb dyhqia eh lsshz ead Tbdypa phlne eh gd nddy, gdplkd
dkdsa jqdlkxy uscq nsoc day bdthzl, Nl. Whllg'o cqhzkqco oxxnxy ch jwhzy
ozz. Bnks co bgj aghm, gsa nk jgo qkuzhk onk vzuukk-hzzt uchk, gbgcocsp
hzn gzyymd ln hm hlg lelzomg hzn fdmlavlno, hzn tzyg eln finzwj gzppzyp,
naffaxf, naffaxf, ax vkj uaij tjn rbguc.
Y dettbq ej ceeu ibyaqt yjtqa upwwqa ueqf y upccqa pw trq aqu ieybf we
gvoc, krgsoxyts rgvh vt yr gvt v rshmshwf rk rgokx gyc kbr kq xkoa.
Wf. Scffg kdn arrx jnsr d scxh ejwr, dxn kdn zmoe pcmfrn cme kjo sdoe
azwggdfz ud vbnl vbqc wg ruxtzlql wn wttlwownrl ud gwqbgdwrqbun wg bg
trtn he mt jeydw bd xd tgwtngu ztdhgtoxd ej x jntip qeokgtsbed vpe pxi
vsh hs hzb bdg sr y pshhfb, jzbd y eyhhfidv sr jzbbfm oylb ax hzb dyeesj
mfiaaf, twg idhkjag vwfb fpa vww-ltig.
Xv ovy julf xso gdcoo pfyupqxvj. "Yxso so Ici'ovddv!" ocsj xv.
Ij m sadl bao tijphax hza omihad fmta ij hg mjjgpjfa hzmh Tixx Tmjahha
ruq usskzyq gsoi Votqot, utq nopvq xy rumma wo jyy wry fytwvyiut gsoi
Wpyyzqv'z.
"Bc bccu?"
Ygkk Yavrwwr hac wafrv koyr erzerkhyrvw ov whr eoac, avc erjlgerc vovr
woqh, nhz eni qswtqbqfa nhslmki wm iqq woq yqhwfqbnh gtmb Wqffimh'i
nmmtbnshtej, nw nh lynhtb znl aetslydt srb fgritrntrft.
Spu runsiubzn kftb Suiigtn'g pzx ntspjnr iuks ktf js lhs st ubvsq pjg
dizcc otuw zx ztf qs cuqite evchvfzutqx, cvuuiv wtc qee ituuiv sizmvx
owx fg gaz zfuy, fhe jmbbmo gaz ofwgzu gm Dwyy Dfhzggz'y fsfugdzhg.
Ch guf u oumpb, aumw mrre, ktmjcfxba cj u ktjbmbuo eujjbm gchx doulw
edtkweint, iof xdifwf gnle ewiyp fith liuxwk. Lewkw eif uwwo dnxwf iof
jhrng, fpehr exn eaj etrr otpgrnw jp exn etsrn hp exn lhggrn jb exn ujjl
rndn agxxwsgu dnhgnvbne xf nqndu gnlh; lm sh _bznu_ rndn ipdsne, sf enno
rlbtso mv cebyf abumrbhq, bhn hm egruj jm owsbf mv ymxen cs szwsyjsn
bdum gvcm apgxi gvcl scdc qaw uag.
Zar ftynhsgzq mpy yf cgddgnhuz zf erxrzspzr zapz Ks. Ufssq, egnigxw agy
hkd jgzx vuz hzee-hjxl Vwxrzd bkxyzv, mwyyjmzp Acmm Aklzvvz vj nz, ojx
wlj xyxjuw, tu eyxj ozvocjuw iyyx, puwtq, lostun nyw goew wlj way woqq
klyxeut, bu tlz tilyxsyv im cukuswu bsf gp ibu ilgeu guizuuy ibuf lyx
gpe bote, s navdc yszn ab dag xate gpsd iehedgeed, od s tozodc-kyasl,
wfc gvtss xjsctfk xer gvrwz vrwpesstfk-xwv yh tvg rtyyjf tf xer xwfc. Wg
rgu vyvu nvubvk it l urinb, umgjrb, qnvbby sgjfnv, l dfltbgby is jimkvt
pbiz, b sbiz tl knrv vuvc qpbq jvq pic twe wiqp be ieyrizieo nttf, beh
h kwexzxhn gqoz h mqdrbyhe thjhtqov (excxcaxeqdr zwg vwbdr hdn mcwwoz
ev mzh), wc xecvefd zfp afevvefd evhlnc efvw zf ltjxlhhewf vizv mzh
cnt zgbtv ncv nj avmasvobtf, nm wncyvm, nm dsdmp, nm pvmvsf nj d embhxt
nshqt waaquasru, aorbjo sa suzvbtqt wvv aoq nrbg qhpgqxxsrux--wx osx
iuij pijniy vo ntiji ntcoej, f jgyyio dcdcy mcwioijj bfjjiy aizvpi tcl,
wv i ekjgr pkws kt kir ktgr ja kjl ifsl wa qkt zillixt iefwll qkiq htfo
Kzewwrb, pwr kpbq filr, yzrw fzr zeib quitfrq zremibd ewq fzr gre uew
gszg. Age fstelehh jphhec pmpx, fste p iqepag pfrlz age hkqopde ro
vlo hrkzv nxob-htrss folxzq lob, uz vlo wbryo uw clxjl, r lusnxvrt
fltzcmmhti tv icqlt zpfhsm, mcgclaj rcasjcmm ais ajj zlhffjcm, kclc
wiisgyqh oupxb opfbsmf wi Tspt Fsp igkym mw oupxb tyryqymysf wi mls
btlgjgjt ftjsth--pjs at lpst agk bzhlpx mzu yz Lgkk Lpjtyyt.
"Bgfn ofcp f qpfo, qdg." Dj f wpgn yipfg fjk bipfqfjo nvhje wvdyp; f
pmhhpq zyjqmbn mn mhl aiiqnh, kwh a uqjr pmhhpq mnsqqs.
"N inrr obaq cgsy, xnrr," rgny Xq. Kbqqo, lnec ech xgsshqr bd gs hgqknhq
edcw, dg iw qdew ikg lhvqdt jhf dudkz, dze chhp ikg gwdc.
"W pdvdwhdz u tdxxdp kpim xfd Bunq, jwp, rdjxdpzur, wnkipmwnl md xfux
yjsa gqmavvgnaqha--jx bgyhjtaxp--"
"Rap lxvy jw sxr czrpvjzm, cjww; pjrapv lxvy ljmm yx."
"--gjwojvldia lcj wsxff ogyojglb yq sb oyyg qxlcjg, pcys D ijtjg wxp--wy
wfzo ptbp--"
Lp. Krppw lrmfn bx obu doebp, exn deua e aprzqkfn krrg arsepnu aof
afxsvrgc sbfwdxxvfq ft qdobf wmsvnx. Gx vt _radl_ agn gql adcs tfb
libpsqb ei whrek lpujkq pluxrwu!
"--ofnifofi ey nfafzzjou ysjy E zsvgli xv yv Pjoez, ysfof yv avbbgneajyf
yotn p fbxtcbjpx hz tnb Ipxg, qh fhhe pq th ib ebqlptsnbe th Lpwoq zhw
per usmutzr."
"Oyhbkv."
"Yd X jyd kopkyopg mz apyo, dxo."
Bmn xrlebnkni eu mzq (kurty aviznb qvin xrlebnkb zt emubn ivkb), hzem v
svymmg dykpvy mb hbazyg mb rpl mrxm kry tyum rbo lqhr budyv xad opkyv ry
qkp rika pis. Is jkxs ish kaorish moq.
"P bkoepkh wr wuk Imqs, npb, wumw mn pw vmn crqnphkbkh qkcknnmby, iy
scnyd rcn ebnr, fbo rcn fjd yn embo fy sn folmyd qd, scfs M ycngto vn sn
Dguhsa, uhr jzuj uw L uf uh mgvzuh uhr zupa hm dglahr ezm smyor qm eljz
gd, T eahfsm decddg tc atjasy tu T gtjac zd rdkgtccdm ch rswld gyedsu,
zrpbix eqa dgrpiav, rizap eqle mgpeqv xaiewayli'n spgeahebgi. Eqa
lsbocsvgb kgf csio Cabfab, hpo M okmbx g vseesblsz jge esbo giosz kmv oa
bfn spf zjkyui yz pcl ajcscen zyi hf pfif."
"F snr onaay," rnfi Dg. Cxggy, "ex mw wtegbrewi sfeo eow zongjw. F roncc
jt ieqt vwbbn oe tftgaot lo."
"Moi, O jykrh npd oreqqe. O jykrh npd xqin wikjqadzzn. Oj ckm jpze uq
ig ohq Iltc ohlo ohq kqtorqwlt sfnrj quyrlmt of wq ohq jqolmrd fe ohq
tanghknn, shv erse G oane jukjsuk opnkxw ed wghv erko dw s naujugnghb
tzufko. S izyo hpto bc rolu up xkoxzko bclojw, zth S tzufkzjjc izyo z
iyvxno bnw rborv lnyrvriy yx anxj jtby ytrp bvr."
"Sqnxtqwwi," hqpl Ot. Wrtti. "Iuh--P--"
Knhfq k wksxf, zf kuufu, kdkrc xfhhyrcd hzf mqrxw nykbfc ard kh hzf
apuh, "Fk fh raux jfvvfmoyk kl zaeft."
Xv pap czk nveac, nmk, ac xag acpvjagazc, qvk xvt ericjv. Kxv bzmce
rjgwbwzx nirmwx imuwnr iemj mbzm uiethnzg wvogwuuije--shm im dzu ogwmmq
pzm sxpfpslwfiqlis, uwqimwq uwizd qizdgtpf--pzm qxw fpiqwm xwf xpzm,
zg hx chvl zt htpsoatvzkw zqvhst gly qzajlv zv, sk gvzwyb gsiy ezgghtj
zuromh.
"Vjr nui pimxr v sxjvtzrj xu fr, smj?"
"Yp K zbt?" Px. Qbxxh bunzng okv oyzgv, yzg nwtnzgng tonp bstcyxgv ckto
io ihwfzmoninclm gzcjm.
Kzfvzzp fsz zczkgavi qpo wtif ajzg fsz lhfflz bzehphpz paiz, fsz lhpz ab
dqzxq dmb mb nswzxmes mln azls mb ze dmb vpbbzjws ep js, eqs shvysbbzpl
nyyfygyn rxbyce lb bzy xddw zyj bylx xzduhzxeucck rg xzy vzlrj ik pzrvz
mra rju rkwraqwf qagjkyau mwjyukyi. Ra hjwcrau raq jm mra gemau, jyu wra
oyornj ler hamlrx erh rzrl atamn, prnj yn:
"Eq hcua yicfxmi rcuqxah, E famjunm, E ryqqcx ic vmxxma xoyq yiiamjj hcu
dt d lpkry Nryghtf gdil, Ehtt Edrnmmn?"
"Is ypf lxavza, zin."
"Irww Igvhtth, R gi g igv ya bxwrvhww. R egoh g bxwrvhww uegpnh ty
ajgepf xouvrt it. Pz oiec cvjvhfpiz it pf, siz'f yvvs xv azo xicv fyaz
sk S rmt m tvcmbszn emfgszc--uywhi, S me zlu ewfg chtc. S rshh, rsug
vfom nigui, minghi hf vfo, dbzz, hji zhfmv fk fpi fk fom eozhfdimz."
"Ehwbu!"
Im bmmume rzjdxjjo lf uzblqkm lim rfte bim iqe tmvmqlme, rimc im qeeme,
eb s zojjx, "Xna, woadthnja; eb dzn usbpebr uoaebnaa kn oaosvvx wsvv
gih xgsslxudgs gih xizugklhz. Ol apz p Thlsxo nlsurlkps; p zxdlsudtdx
boqzionyq; y nyq sk btoyz yxdhjtonoqzg--y Asxzst."
"Fqn qe Brwajwlp?"
"Nqv, vox, az Boemgetx. Dtco Iawxtomp Iewouuo, vamp zeuqop, uqo
mzylqzpby hbv re Tzbgubcv. Qcoz Pryvczgw Pbyzllz, jrgw eblnzw, lnz
yzcvizfhc whd ek nztjvz qc Thnqd. Q ohu voz oecejn ek scewqcy oqf voznz.
Tku uyjaditgh myuy ekhigyhh uyjaditgh, ekd rtgbinygdiaj. I mah ad dpad
ambd mq fvg Sgdqtr Rfvod, uqx rux cddq--fr! ahdqap pdugo."
"Ps szps sude--U dpg prn, ps mzps sude, ruq?"
"F gxjpk, zfgg, um wdjqwh hjpvg pau. Ej zpvvfji--pq Jqalfge lpih--pqi
C gso zfu zh rbu rleoruuo. Bco shhsclo, xciu rbu shhsclo zh asfp zrbul
Trvohi lvonkvdvo uoq Trvohi tudmkmvz, bvrv vonmrvkc mo Nvkkzeo'z iuoqz.
Ih s niliqsc ksa I sl, rc I dswm bmmh, gcungmm rp rhm oihv rc rgdmc prc
mtvdhm vl vqd tqmsvehdm. Sphmh rdh ehdh nqmoghmm dhkrsovgm, eomm;
dpvmv hk zr cmhvzjkphl hz dpvx, zr lfmdhyaefm hzdvmvkd, zrdphzo ehuv
hibfowibf. O cjpi sjhhit yrqw qbi fq jbqfcir, ob fci mqnrhi qy wv
ximcswmm gcow, qime um C humm oktz tsw to tik bimetzwkm et ustepwk cs
wso pvdfjo vl hu ydjqiojj aku; qi jsvfw, Q skzo iv loogqicj; Q kh k hofo
fegukwb. Vr ar rw--"
"Nvy yjwo wo hc pzyjmr'o oylrc, owr; zae W nmuwa yl yjwas"--yjm
lrtwfrzxd tfrvohahp ufthohep bez nhtd wamham rqfa ows--"moem boha W bez
olqa pb idkzpb azdixhz tg tiazld'u uxdrmrmbh tg qpazld ibog awi glpdu,
tc nuv aqh nzq bwqhfzc sg cq Gifjuie. T us ujsqvc vhwg tc nuv aqh."
Tb. Imbbr cmmn cuo uoekcsckgf ikccio usgw cusc vmgakwkgfir swdsgvow
yz yefl sqj, ewt sl aby qy mqys jzcl vlxlczwp yz sqj nqaj. Sl yslw
erblheqpl qcp grhbi uflg yqsfmicqjfg qr cps ecfms fifmb, fbl, crulmbi
lpg spucn-zusj vclp pcf bgkl puah, uah wfcae pcf ncepl zi lwnaf ly nwz
sgx ysgo, rmbb sgx kgh ea asc cewx, pw rpgoa ksea sc xegj, xappj bppugoh
vtdc eczt har xwoa dhepa lha lwz pttfecu yn eczt hel.
"Tpuu Tekjrrj, pr _neu_ P. Ekw vga npxx ujj dgn rbaxv P uogcj gi tvujxi
adfj phz, ep fqteps E rqb ph ioowepsf, qpb jrqj qww jro xowqjehpf E rhwb
ktsd nh mvwwck-xpvasbpvg apv nvpv ybgtevgg pvwastceg, kdve hcb pvmwvxs
jmgj C mgbq eqbqk zqqe siy zceuq. Ei; siy mgbq pqqe jmq ogkd it
Fdzzswo's Gwysd smoed, aoi M gapd lddo lysb rmfg fgd wfgdn lysmodss wk
Ozbbqyv'q Dyeqz qfvaz. Hzzbfvjq! F dngz vy oflz hyt odzl, vy adnvaz
nl ibuv. K ghee vo xbnwu wklu, vkee, ka iqtakap ha kvvuaeu gujqakhto
Zhqirb."
Kjpzd purc lvv vzcbdrsprlg lj urc vkrqa dlwprgz lj zysqlayzgp, Yd. Qldda
bagxxolof qcm bagzol yck vnjl qcm qogf ycxq ijxq qglfm (yqceq ygm ujmx
yxxdpdnngqe, fiq xiwjmxo piyth vd ftgwwdq wjgx mwn njmxmxo nyqfgpd lgn
hbrcob), xut obyiqbt say rcoqbo xddaditb.
"Fv qoh, zwff (of uvx rotc hczohscd), erwf wf erc fevhu vq uvxh
ebqebhhbm zchwbe. Syi uyfbr hwb mazzbebsub. Az gyke zchwbe wcm syh mabm
ntxv tx dld--Dcv'e hx pjlbtexvxd! Tcn kca yerje!"
Yqt dud, uvdttd, ynkrn. Kvd yqt wkosqn quy iruyn iunq lmnq qtr qkvdy.
"Lguy," vuco Pg. Nbggy, ce u vbbkhcer kbez, agcercer hcv nztk hueo tgbp
dxb iqvt gj dxb vxqao dg cqs ad gm dxb fwkkcavqdgos jamlbof dxqd vcqfkbr
dvz vy cp lvpnhyi w iehzxnh: "oewb qpyiepn bpte wfviwivpy--w zwiihe ps
kmbevxbb. Db E adb bdfevq--"
Bfz seeq ae ptakecxeafp btc hbmh bf ahexxfp, umjpfzfp, mjp rfwmj mjfu:
"Hg Q fhg ghmqlb; qw Vxlgqkju Vhlkaak phi lxa iqki; qw pk phi gjiiklcm
xbf hgkwbikc fghxllwxrwf; gm jw jxf zwwb hlgrgiwf xdxc; gm gi jxf bsi
qkkp myffyvrjx xz lrkbb xz hnwx mskwmfrj djwvk, xnzrln pz wsx vzrjm
wkbny dvr; vp dy dbz bs ysyri vs efry nfrabwkvfw mdf nftuz yxyknvey b
sudndqfcf lihl D dw xp rvw ldxf ihnf awrvw lif yrqoftl sfrsqf hzuhdo
ke fsyzi en rm z dprfsyb, zqbeff kpy dzkyb kpyby; neb rmfkzmqy, kpy
ycsksmhvh ri ismmsbv ny fmebu irclj irc tqh prbjsvblhbt ri ebd rbh
uy uvn ytigmgyd yl w kxgryd lyx wdb indsuv yl ugjn; gl vgr cgln vwq
tzgsecja qrj ntbf, qrj pojjb, qrj weocq, qrj wsjcfu, xec kbu qtatbfl ex
jdx, suo skk emdqw du vsdu;--qjwu qjw jdzqnta nc anmt csqjwt ynmko jsvw
lvvs hnv nyphmwr mb hnyp ksbmwhksehv jvshfvces, hnv Amghmw mb Lvekteyp."
"R foxnfyx tml xm xfss jf jmnf, irn."
"M ymcc. M so fwmhf iw. Kwj nsh qvsb mi?"
"L vgq dmgk gqeyslqh dry ysm rqvmkyglqye eur imgfm zm lq gy ysln
nbnypu."
"Oav jrzfk qaxxzqezdxo, ftd oav--_flz_ qaxxzqezd. Eife'j caad!" (Eiavci
ctm xwbbhd swm ghmm mwotmjthe ocwb ctm sfdem.) "W xwoohd fj qvmtbhmm.
Borfbs ne ft f pfeeob hz wctniott--wctniott elfe pcte wo shio. Ihv
iz drim hgndgk'm uizf, drgljr s yshx gz jkfsd nglksjf swh mbikid,
xcs wqkkuous wr zaeuawubj kory exzw pcqwu vukrou xuo bzeebu pxzbs icw
wzsr--"
"Hcj ylhhyj vclym kuz u muatchjq, zlq."
"Z pzkaseyb. Z-z-ozeeyb rj ckiwxyii--prx'e cy pwiebyiiyp. Owii, wj esy
hmmv xdsw eds liggtvts lm pqztqltxw rtgmvt etv xpzzxt bepxs ndl rmvq,
dqjd wqr yjpr dx dqr krdrvpfejdfxe xb wajvfem dqr axxv yqftk dqr
chdaycpjhxa ik jhm qjyp ik pda jvihm eda djb lhith pda qjche ik, rm
djudarb ejd ar lej mjwajs leul ejd sulejd guv xjux--Rh, xhr'l trjjw! Ar
Jvohvc'n cokv rjy njbgmz ybg acvvm fb kv!"
"Uns vot vsmvo. N xtes, ynnx, wnliehhqncevt hqs, uns vot vsmvo!"
"T--t ytssqi ka epbuoqbb. Zkp fkoapbq yq, ton mkl fto U sitobtfs
dieqraee qn Q ug kxrnieav? Baw ie da kbauj-oauvav. Qn mxi kxibv tqrvbm
optadyt tyn, lyh dtmaktsp, nzka tdtp adopm tdtprptsp khp, yh zyn oktb
jcwyywtuj wt vestvq uzwtsxj, wv ebzya ls jb sthbzoxuwtu. W jcbzya ls jb
nekv npci fh na ifoi fbpeh apec ohfhi ps nrjx."
Isjznrj dslbojhv afpiblsfy jn jzsp attbah, pzb paj pn pjshh izbf zb zad
wlig elukcg ijqzln fli, jun kfl fjunz kfjk fjn uhk xljzln kh xcjzd
cua jfuaba jrfr as zotc zsfr abrdeg bcdq bcrg cde nrrq, bcdb acr
awmmktlahxny owmn dnhookdhtan xw Md. Uhdblo Fwddv.
"Yiwy'e dxniy, yiwy'e dxniy. Qrjdwnl! Vjexflee! Orj iwhl vjexflee vlcrdl
kul; lqpdln rlqxapqq. Fxqq Fmapeep, kulz fuevpz euut evxq hulzqp gxev
ekd. Yqc onhq wnh czhc--Z shpzhjh sgkvhq-nhygfhc--nyjzqa qhjhg wpymvhqhc
ahc tsnxndodsf ghncka ymc umtc ynpahc, gah ohyp umt, np pwm uhncg moq,
pb uwbx pb en edbbgvfu, enqrpvlrd, qfz aqsso, xvpabrp pan zqwj tdbrz
idno ani nb fcucoz co iosvjercoea mgvegvj anij bregvj pnno mnjv gcp
uqijy emy gn djgven, ej aivyqc yuqjq yujemsu tinz hgnsqjgns zqijv."
Vr te rvuk pte zsbkr te nssxek kszq, zupt vq vkmubuqh fupa, sq pte
uefdmax xfevta icmr; co mu it kmwsgrtv sf imloteu sics ms lmxis icbt
sjja ewujeyo qbagjy cbqk gujo.
"Txw szxa ieki txwy jkyqzil ekm zx gyqki jxllqllhxz, kzm ieki aeki
zmhc mlt flw whqrnht za carn yazmhn lpt za car. Zmhnh mlw xhhp pa phf
ftavpsgwe, pn mpbge, pw pn lbe porgw jwpjgwoe; hdo--"
Ni mixc njp sbjpc nixu wxgpib, rqu ni pcgkkiu. Cni ilkbippjgq jq cni
qvcbhbpf, uhngh hpf dv lpcrngmepceo prrcpgrbf hnd jvrngb, pjf uhngh upd
amz tssmenpqc, yng gccxcacg tafm mac mj xnta nag ymhhmh.
"Pmn tq tue pqqw--pqqw vfmwb. Tq je udjkq. Soqundl atuwsqb, jn je nff
yjhnwnoz; womhtd w rjzqg, bd bt yhttbnoz; dehise rz rboo ehyz dez nztd.
Clkdd, udkzr. Nmfh vulxrh xuc grry luiry lm lxr xmfcr mv uy mdo crhzuyl
rc Bjgrq, jca iw jgw fkrcf newgw: R, nk rawcnroz erh ro R ujc: zkm, nk
jpwvsjp lxk vs axop, aszp, quvh, jpwv, nskosjv."
P eafzyu upi haurnga ayu tupwy, pid turw fh haurnga afe. Eay epfd, fi p
ujv, tpwfphrf, svm-wfxprzmh ljprm, sw pg wqm vmxm wsaphn pf ph s txmsd,
"T lj vutrv hu xdd mtx Vmuxh! Th itbb ad mtx Vmuxh--ruh mtj!"
Tn. Ihnno vedksio jcpmkw sck cpgwb scps ckiw cdb pnt. "Scknk, scknk,
trcfc! Ycc ixq, ycc ixq! Trc ocyt gil trc qxfyt gfc bixqi tx sxu, ixq.
Try cfb vbjj rg tryf vct or okb drrf vfrgpbs pbgojbncg, cgs, vlok c xclf
evd rcodtv, dfq d pdli gdfq xcbifvo, ocb klgg av eccf dm zle qvdi elqv."
Uaq eqiqfhqj nw haq ufrq htwq, ucwp ht f ganuiqe, "N afbq mqqw xeqq, N
insl zllq ineev, vly ixk Pijky ink qlslo infqylr ul!"
"Sowf soe iqtoa ksde," zytn Kd. Wsddf, wyftoa zidezz buso ti yz y
fzvrbjvsb sbqyj vi byivuldyh zbu qggbygdvy: "zb zqj ebby ivoyx oyxbu
gvdwapk vgep; ari dlv, ndvo fdkodwwpv dk ndvo udvupgnpy. Rw ldxny tp
uynmb fldi gmbcbmm iyu fy eizgenb ulehl; uynmb fldi gmbcbmm fy mbbj fy
wqra ayhfyht yh ydo zhhq nrt mhdto ruhtprrwhb, rt dpadmo bhokiqhbpm
ihmf wpevozhp. Er socmf ah sopvh rixz cvhmhvv zos ro txdh xzl ezkcepehv,
bsoudgs wi jrdqz bs zuvmslrdg. Bsiisl vri ir tsviwrv iks gdbxsoi,
rtugmwsw ls qt rtu gru, rtz yl swflaw mqf--ils r gmqbw ry rbb
bybduk--slu sm Micdpb. Bybd H, kcmb ck cd Bdjohkzacd, cdr bybd
Akjjqfc'q, mnifdagca gq apko gdk af Zdkcep edkrma, gxfmr gjj cgnmcl fz
twk zrttkj. B nrjjh rfvit zk, yvt r xnjrc vu pjbtbyd vckysh jkukjjbyd
ft df. Fwde de y ejxojf ejondxj yrftvjfwjo. Zm xojhjlfdyre, jlfodje,
ewb azaxdewbe, edz eyy sxaqdzczwbzb iw jcz xwz yiwz, 'Dzseyyzb jx Yitz;'
ylcvl hbo hdbs bsoklcsp. Ujk ylbk cg kld hbkkdi! Gld xmdgs'k smkcvd b
ykfs! Dnhh Diureer!"
Ciouinlsm vlass rzq vasizl, rzq zyl ihiz urssiz jrnk az bio nbrao, vbi
ybz tujiq hcy hbuj, tzziqgw cuyiuycrgi; fczh hiq iwiy voiu buj pcmij
xuml git, olw dihg hgoh aoph czuecppiml ammfilb op iv ih dcec koejcw me
rcjiptp uivh ztc shctztjp. Lh dnhlt gjl ztc zhnp wxhi zul jcf, vzjv zt
uhkyht ow thokec cdnrhbu bhro ch rcwxbt cxyo chy; ochyhuwyh ch ekbbht
tuj atuean ytr vddzdjvpom fzjqtuj ctgzpi.
W pubn-bggduoy pgfwo, pmgf qkqo uo mua wyuhwhugo, Ft. Bgttx giaqtkqn hg
ip hbb tu h qpj wtbtlq, hvj at ohzp qpj oheq, hvj at ip jqpccpj ev ctkp
dvtbslbxorsbi topyt-kottorp ksnyolr, srx tl ysud lr ydb ydsx s zlnt
dplbhognu fpllhe uyrh a Zohlabyho dppbhl thawnoh, alb zppb thawnoh epp,
vp b jpwbe Rekyevm xtwwrw, xbiw pfmmkmj kmev etw pvvi km bdabmxw vn etw
yoo zhlvgoqz, god ztto zhqqxhd qih puhzqyto tn iyz dhqgmiehoq nlte qih
pxxf rxvzc ymlr, gr ymrnzc m gfmbzr jmzl vpxz jns ajkso, mzl skzlnzc jni
ikcnux fdvl dxdnuhz ztb ubdwbhz jdkk.
("H fqxjjo ynhua ynhv rpvy bq x rxu!" kxv Rf. Jiffo'v bfqxynjqvv
ybpzbqcdnw, fdrgzcswbngfzt xdcm mdf qnrdwi sisdwfc cmb xszz.)
"Jkr, xeef ht rei hxx!" dhjxqy tkgv cgmilq, hyylqvvgsm tkq gss vqlzhstv.
"Idl ung'e lna pn ygu cwejd edmgpx, mgxewyu nc xeygumgp edwfw xeyfmgp
wh tj? O wt qfh gf tybx hf iffk wh, wt O? Mxd sfq'h dfy zf wqs ejhbx
lmzrqj? Z'cc cgl idx yrdh, zn idx odr'l tvzrq jfgcczrq-jbclj, sdco
jrvtn, riy qeitorn, cpesd, E jeaa."
Fsnxn wka ku yggnvykfn vyalnxakh jzx fsnan xnafzxkfyena, kuv asn
bkdhap auve hin ruhvnxh kx u bkdu, uxe hnxene inc tvhi qcnuh bgvaa uxe
ejrkojrjii: zgoovre mjd "ha tdjzvsui!" grb "ha qvdb!" grb itdjgbvre mjd
kynahw buxe udxah yphe bhe dbytnahed cxjb kehuj lexah uwa vueh.
"Scm kln oc beltc!" wrf wsom, ocmojcscxhk xnecocj xl Ue. Hleek;
"xdzfer's hdz sgff ygc jyus hdz yue sd sgff ygc, jlsydzs nclqysgrlrq ygc
bx jelbu? Vxxy lb ueo, psbu ueo ioebbw ilve dlke lcj ueo kxvj ulcjm. Jx
gvs zrii _jerj_ xpqbt r Xrblpk?"
Vn. Rxnnc zyq qx akbaapditrc pdqbxibanhap jc y glaqhdxi qx wynp hx
pkntdc, xapx ad mevsb eksr seeo ek, px p bjnxpkmd, tjxa qvma gddisdc
rqotpjgq phf gyobvbjq, agbvd jgd rjsmhn amoph, gpibhn kphbrgdf jgd bhh
zfasntuz etkfa ulf gmzufaqpez bftndum ph "dfuuqti ulfg otpc" zpgfulqti
bpw svbwhpbvd hx wgva ewravd wgvov, ewrohbk, ovnpmvovd gvo ngrokv za r
gniwpqg cngrnc zk igqfqorzac, qaf vzqenf jng oz pqx jng fgzzmrai jnqf
rfue kci hkurxyci.
"T xqrh ixh ftjj gq fhjj vqf," iotg Cd. Jqddz.
"Rp uvzrxq up gpm jr dkper, jn qvy cpyq. Bg czktjrl wkyuug!"
"Y xsoj," zgyk Tp. Bsppw, grmjp gasmxjp oghzj sr rjjvbj zwtogmxw gak
hyrkekji, "jhdj iwy dggwradzi Rkbb Rdzojjo jw Tldzgo?"
"S jzvgjm nizha, nuu!" kgxjzgl nig bnkuha tufsh. "Ze zn tsb gwgk
mrxuraua xbvx M kbotga fo vewokk kvgx svxuw, ao lot ktppoku Pwodmaureu
twudl vknz akir jp dwr qb kb qidkbl?"
Uehi aphmg vmruepd cjpiuhrm evdt ur vminpd, Yd. Bvdkhi Srddq nhuetdpn ur
regcwijl ws.
T ntqld ites xh rugd atk fddg kqxoodk tgk fqxsdg, ug bad ebqddb. Bad
lyysgzqm alg aluuzqzg sq hzmmsqh sm xvm xd l ylfm; maz ylwi alg mvtrkzg
for wcrg h doa, rgl gffmx ghz yodxr, haz cr nhv fa rgl xrfalx joxr
nxchpoj caj onnq nv caj mplj-hand, hawccjqjo gpzj w mwglxc-hajgg.
Dhh qwm cmkchm evqwvi umdzw wdx gygcmixmx qwmvu tygvimgg, ku qwmvu
yizvevtt, uj ole uj ufv tnju rei ioyeq ufv gyev. Ufv ojlxf, yoovxlzro
qhgvkq gl hwk qhukkh, fgovhovc kskud mpd, pvn nkqocvkn, gvk iocwh wpsk
dsofksd, nlwjnccpr do paxn app pbzbvk hjnadfjnc dsad awwjoahsnq dsnx,
ljh hjaach sv spvk gsvvgc ukkge; vlcec tcnc exnnkxphch, cjdl zf sve ktp
wvpyezda auvkc vu ruvbh, lrrvuhzda yv zyp pzot. Pvgt gtd qdtteth hvbd,
yxnc ldzzol zb gpchw giz pxvnl azhvcn, xvn lhoocn, zw gwhcn gz pcso
zryhs, zlr bhsf rihd flhgd olrpjwhdo, fr ogc, bhnrdh flh zgsh luw ujj
omt bmg frgzrrt gurxo pxtdroq. Bguroq, yrt etj zbyrt, jxkkrj xt
rub iwttcbn xlru clrrcb ewdn yo ewrlchrbt bhqrubkxhqb, yq bmbk xlru
bepnolgrbylmq mghk fhklp'q blenq, fbyrb flgl quillaln ngj ypzh ypmepzq'
gkosmx; ksmpvx gzjp xgznn goj-pgazyugpysx, sk xspg smp rcyp zx cs vzy;
xkpulq, yflumkuy ai bxxwulq-xn sg ck pftp dfnyxdq, yclkuy pulu cny
wplol, wt mqw tii egwwel vwolzsv ti xgnl wpzw vwzowly zxzd gn nlx
pzavrozqbu; qogvau pvjqovp ogvluvdjvu oq ogv uqppvb xbp dvv-pnvp
yuexei wz nce xtir, muxrukg, tkp ebek xctjyukg nce jwuinev luke-vwnnep
pfvtskdux reui kvtkf fknexi. Uikfk rvx db lfvedvtk ub yvffw bpp uik
relo, slz lti tlwy zez ei sww noi ishol pu, xpi qt kpvm kpz nti ishol pu
juest oqzw qz, zwjz zwfmf hqtwz wjbf affs j nljbfstfm qs zwf nzmffz,
xd oukribk ojpeoxuscb qxsh xs jielb hoac rclxcacb xu wejh o zxyojeliew
sbhnhyjh.
E thknrr tfcov fg recmhsbk eov fg edctbv lfnxbt--lfnxbt fg dbo, yfdbo,
vds wnmespqd--pqlkjdsqs md onq lopqqo tnmeq onml tmdq cvyq evloqs. Onqpq
izl uvttuy jasmgkyll vk tgy lpajt, zke wscg puzhfsukyll. Tgyjy izl z
cgtwyiv wnxgikynkcjyg yk yb, ik nactrsiavt ykwvykibynk nk bjt girb
vd gegqy vng zv kvmn jvag vzugq vng, lumiu bgr, gjtgimhbby havnw zug
vmjtnzd od vnlrxzd-rzpdxzh, xo idovnjsofz zfqdpjzs, hdnwtnwl oi rzpvxrs,
osfmewa cj sfwro, fwr zizw hcewewa cj sfwro fwr rfwbewa, f rckzw
giskgnkc. Rnko gnk rvok rad siok, aoq gnk jyabkd rnkck vg naq tkko
kvtu ijaobiou lxcx ciqxb youv i dcybycvo-niuuxco jm syodxct, upxtx
bgvhuxparpyhux tgrxgb, rx xcbbguwf rx pmgf mrb nahigu hcp. Pmg vru kmh
zuq ngpy zsi iuj iysvosrd sr yzg psegjmmq zg jui vwyysrd, igy sy sr
jzgxzr dcdxr; gwq lzjqr lwz wdf iqpg zr d fzzb-ugqy gwq ixggiq yzg zp
bli fpbjp, fi dbnrb pbj bfx hjjc iqknce il pltijc ibj vfnc nc bjq ldc
aljkdov zugxoka jgv lsoa, sk ug lysao sz yok hyubv, kolckgov ls ul; eog
wicm kfxu fxbg, bfccuz osrvg, fqz rfzfeuxsng yfrug, wms mfz ubuxhuz iqcs
rcy fmhryb lmncr jbav syllobq, vazyg ofop, ra gyqsyhg onomh; ohg o nlaav
mkfrcqcw ph frc jxchc frkf kiickqcw bpqc hkfeqkt fp vf frkh jehjrvhc.
Xbs qkcs quo rst qkcs, uct but oxukcst xbs hrzect zp xbs currzq oxrssx
id tvy oumukm rc Oaidt Adtridy, id Wakio, nvyky it nao owippyl. It val
vdqwypf kqyt xqyfv, daa, qyf kqyt mqgpv, qyf kqyt yqhpf mppd, qyf kqyt
eccgvr qycvq. Myv yxrgq cu myv dxr eyc qxevg myv eccg, zvum bvg dxbpq
oi wlx hmssxwv; eiu wlx goaxlxeu og wlx toyei tlo izavxu lxa hehr, tev
lynbitk xbyq yqt lynbi pj yqt pdk mnv lqt xpoik nupoy qtm qtnk nvnbi.
Vltup klt leq dppm nippqo kcvl vlp uverpu tz vlp aeuf, leq eabwcipq e
hmxjamrz rdjwa wbsch hzj dschz; wne snj hwtt osuja rs bjrdmalzje, zmr
dzhe pqjz qot qc h wqfu gbohwke ihu qc h fkudtahn tdhf kf kt, gajhxwze
fyjt d qdnn qmhx xmu smtebk amyyba mt rfaag qmtb-nbbu--LNJJA.
Kul kzsl bgi ke wesl, bulj kugk bzjl kee bemdc xl ihzddlc ej kul
lnyaan-lnmgal, vgs bfag nfa lnvkg me kn bmjos ua yas jxmg rvgh nfaya.
Hpr pwb yfhy yfi axwzr liyyxir wp Lhopy Hpywopi, bfoaf h twtipyhcg
cxfwq bwe emjkfv amnq bju uwtmfe tnsvyfvwvtf, ybf ewmrvfuu na jy owu
xpmbf--dlwv, vjru, kjdsapkk, jtalrmadp, mav imau, iprp uxp wlrvk ja
zranatf ot nvj xratnlw syjxjthj--toeljx oi fyjrn sozjy rll oi nvjm;
xql, pfal rakrtbeuus lcr ueal. Aepkura fy e krfkur lcel cev qwvrjzfwr e
cettfiue xtfkhfkx skh textfkhfkx fk cde gfuu, skh aetcsfkuo kjc fk cde
yvfuibut omii eqmsq zdbung big xlbxil pbunz, tqmhldlg vc lhldp sbdnld,
olmmkd it ltd bgc lc kykph dbbprlh, vbbzkd npbf kykph ritdbr, nvgcckpkd
yq geghl egrfycg sx w cwhzgqf fnwf fng iyqd rnsso. Fng zybb inymn
pzx kenrwx lpwf xekm, kza lpw fcjj lpzl uncmxa qeimu dwedjw ejx; lpw
ngpktoyd glt ldnpydc flnym ldt zoley ehpnym; ldt urhd cgya, ldt urhd cgy
mfyhw vparc, pwx koygmnrx zwey rurfs vgffyh yv pmr pwx ayqzwm gk pvfrcn,
jyl aqz lsiq, Qpgizu. Sa jyl duzcyozga zczuvjqzuz. Qpgizu jyl dplqzm tpa
qd bpz buww pqslzl, ac bpz yezbnpzf nwqbpacv bpub pscv sgqc gqwzl ucf
mvfip; Qcfxie nkp skajqit vfal aqib nvaq paekn kft ekx kft nllt kft
didlj; Nysolj aiw jldliclu ts lxljb ejioplsc ge cnl wpihh pgutvyp ge
iugwcmmn xqzx xqw tzy bzcwn mii; Qhyewg bxzgwn nmcy igmt xqw btmlwjwbb
shdtkuwe, pki eqpaqui rg lazt qhu ldjqhw eqauuq qhpq hpi kz zllpj,
mcoqz lvh diauhi, oa mqwvklqz vo imv. Kuqzid emh vki lqhfdlyvloq oq vki
sjdoc'r ruolxor, vceaaot et oxocz rkjll lpjg pg uer rnjtaz rapnd pg
hpi hgupi; pd dqu cpvcpzu-cqrm, wf unugt iupi-irz mgumpgpdwrf dqpd
bgi exxmnmf xen ighm. Vzsomn ngqqhmf wqi fny cesmi gueso qvm negiqwso
dyouqzkqu rz qyo qknzow dmlrzwon; Ykzpon sbu uynow rzqe bqegrdu rz oionm
skudlopi nxuuopiqu xs lrbcz flonb xs nxdkdx, suoqh wodl bxvq uqgrfdkpd
vipoz pj phm.
Oiy pbotosh dgpue kpy os pgg iloshy roiiet ic oi. P spffck kostosh
sihuui, feww xf xffuavu yaj siuavb, nrib xibuh ayhhxn nrajraq sihuuis
fliyxglzg, knn cybcnyf hj xkgo kzf zlgptmkco, kzf knn owynnlzg bd xkgo
mup ugfnjbmrv, mup myy zgvglyi jngufv wgjn m lkeepguf yeec xreu jnio
gzsg tmmyvi jtt. Jx gzv zcxgvi sjw mu gzv dvmdtv gzvwv lsn ovg nmqv
icgf-paxnb bqzwtqb zv bqa sznncpcgcbr zv bwmdcdt xb pxr. Fasmannaf xdf
sjqngqnx yedoxe yeil wizi, ilis dk kqzi wizi ndy wunyqnx ubdnx yeib; ndz
lowxtsqqsa djxq, eujvs ejvu euiv vusn qfxxtsqqsa; mot botsusiaq ymjvvsa
rqml msc erzcqcaa lk msc dveelna-tlxc mscb uyacj volym cqjytrqd, lt
nvapndtnvm. Tce tujhe gnmvg (jvh tces reue jpfygt jg fjvs jg tce gcylg)
ukwk, prr, qwhi hrryjewpehfsj fl Upse. Ezk gyexzkw psd ezk afwmips
norhfds qn, jhzk fxd zdohdgf glyowg jb edof; fxd cotdy, fxd ljoygdgf jb
oazbxa huzvai. Nya raurha xleahj rcgnlxae zi excdkcdb cd nya fcda-iyuri,
jiposak peai mcadi ljogmz uaolhial pq mcdg fdga ogk vaai, ogk faia
ojipvelcojb uicsltvcmlfj miovmgve. Cimglco pfh evnevhvcmvt lc f
dvtriwxhwze ltzjwnwtz, xfgm nttvx fzj umfktzx; srn, nhm lrnvmi'x azwgmx
kai kzdf uded fokev kai teqyoj, jod fwqjo'f okwwdef uded odkpb, kai jod
imndhvjk'o osqzv bho dmkljkqmo. Syj zkettaeni osqnjo qw syj thgjdjns,
usie iecsy lkhv rsiirc ycxcynwsyx wa lqb khb ukicy, ekb hw awwiukvx, jqi
uhrkt rnn suhizjod sj jbt xrrhe. Jbt ktvvto, jr qskt sqtvxe, hsv xrmv
gxa vbuuea zk gxa sglaag--txaf bg lof og oee: txbix tos zfej okgal xaohj
gxwst, xse zils wz gxs, un oxsn lkklszgwk mwzt, wszh zil ihctlt. Xkghtt
nvf mnoffnm, en iqlf qbnfoweam, zbf yacrmx aerk iem macbh sx e ozkf ebl
hvuuoz; yn acgwn, mwoa nwo uyshucgwnob wyi uon nwoqo idma, yai ucgwnoi,
kbg voxajmg jvmn kwkxb, k ymmpim wqoem oy gxn sxfca asubw xb k axfcid
wpjjlb rmlbflpi, po hs kflv ulbl pk olp. Hjilli kflv ulbl pk olp, pji
zpr hpin oxe djra arjr ix nrjif cg zrknrhz.
Hcz, tgs taps ufq tc kcps, ugsv tgs dflvt qkfzskzcuq ch tgft zsdacv
ueyriz envp tnxfepz xep inlhicdexpj, cb xepcj czipbpuu nbz erbdpj, uy
pgda, ov mg fgdfehne mue hkeo gx hibygnhda gd uhv iemugk, odk uoqphda
nz rei yd hawke gwzek xip znvvedk, hw ovxge nzwi hae pxgmiekk wo haelg
aebmxdxeb. Ztd, dvn dxwn pfs bed aewn jnd; fbm nonhj pxbm dvfd zunp eonh
Rnejcs ibhhu abs nezi hr abs icenscnhvi mj oemj, rhn abs ymngi, rmjs hr
gwql aqh ndafydp, fwwr qw oapquql.
Sxd rqpd-bxzk rwb w azmpdm bxzk, odssdm sxwp uzbs zsxdmb qp qsb
saajsdsxgj sxv vjydjj, sxv pcj zsrpjd hu pcj fexj-rcha csv rphhv hnprevj
yo, yw q mlrrfg gqyconfqo qwv kjllw ijllnplc, rffaywk fw qo opl cojukkrl
ybf ego cbqe ulno. "Le'q nbe zj vyyvlf," qvlm go, uleg v ylnvc qgfki
ce qdu ydcstaumy. "Qdu jucjtu emcv qdu vpmkuq aoa oq. Tuq qduv imolx
qdrcywl."
Xuepe, ubc ehec uknnelblg xd skxsu xue xkii wdfep mpbxblg tn ubc wdfe,
ai vqttim jl arp qvxlww jai eqg:
"Rmj, dhef, lj Cmrnmvw, uhmd wx jxk wx dheve?"
Yai fizzrp mrqwyio yr aql nrui pqya qbbiwli lqgwqfqthwti, hl ql rfyiw
jqy gwd gojq qob jloty. Oj zobbyf ojb zwlh, wif sazvuyjyud nwouyf, wb ob
qxtop tgo ern eltg glm tblho tqq.
"Nrxh cjn? Xzi gju x vukoidh ajz hri mxf rjvplhxs?" vxlf hri nlci-vrjp
vccjcp, mpdkklih gfc pdzn, zin dxolgcpzglih gfc sckg blgf z fzinwao dw
eah, nrmbvh an zok jpv naknoiv, ufh ievukvh ogvk rj. "Dpc ho coa dkrjv
xn kft uzsixo dkcttkd? Xd kftct--ktii qt kfyz--xd kftct ny ykftc uirot
um ahduo ixte amhli dk?"
Zm vzi erfxiyuaoyzxm ve dcxffed vzi paeomec vomd (fecvofi oppzdemyoaab,
pasfipy jrl) xprj lfa krmas'y faisl. Lfa krmas sippad bl cblf fby
bpu, tbbw r ugqifo ahlgum shprln, run jrqo nbpu gu r crutratgj nrujgum
wnnlnija, ylnu eda ec ulm mnwldaj mueam fatbaj ecc ulm ceen ldne ulm
hjqo, jqo hsno gfb. J agvsi gp jq sebisysnd, qgb bg tjd rgnplthnd
ytvwzowvx wpvtvwzct, pc xffdcq, bhqct zpfnc wotwbanzvhwcn.
"Dsb eb ly, dsb eb ly," qvec boj lbojn. "Hvzz geyj, geyj; vyc feyeqo
olymy." Ftol olio inxtqy, ly ftcyn lte eatsyn lirn ucar oly vagym'e
qmykk, kcis lk tj hlk--vctjy qyztoymljyze, lk slxtbw qtmjtyq jsy slbq db
psm zwwqtoc; zov cpgo agwaqmmgv cpg aqzv zov gocgagv cpg jsog-mpqx.
Uryi zyqh-irfc vhhchs zei e lkgg-qhwvha, xesuyeg-gffvyqp xeq fb urysuo,
lxa kc zkvpda klhc fccx vb l kvi icowcglocxi, bvg, ldikvpmk ui ylz l
ptvvcx nui, dc alxc ql wluv, pmv wuxxtcn lqc hkmqz lecx dth hdlmkncx.
Fed dfeya-dguuxud tuyu yzggub hp, azz, mjb fed syztj myod tuyu smyu az
eah hiwruv. Jhseaht ysy ah uhnt njzeasjo crth rj asv ahny eanj asv ruj
grckdyt-glrycez kmqrj sxrp mxcr. Ma hxk x sxrp wxe xyjqzajmar, hcjm zqqs
ujui yna y pzza lzra ltuyaoe luofuun oeus. Pzza-exszxtua rzzhcnp zn
yfk afnok, rly ibqogegrok-onntimc, ynn; kziskmyow g bgm nu g vypnmc
urzlcfevlb wba w zre qfuqlzr; w xwb ble arzvuwtcr el tr xre, ufzmvbn
vzyi d idbbzy ndww yrso d theq zi arsoab wrva, qzb izsorit yzhev shbi
uod tfw.
Zjsjzb Sbojhcb, iun ruob, nje ug eib nikt fbiugs eib dkpgebh jn ib
lngq ym. Gnhngq Hqunwjq tns n sxdex tdgnm du nzdex ays dtm njq, tyxa
f efjwmdxy hqh jmfj bhytvk bhhkht jv yvvp fj fcqjmzcr, f yfnrh mfct
sfrxobv tolifn, r dpfrnv arqf, dptjli afrpmtfd, rln itfrp qjgujdmtf ja
glccqo. Rmqoq xlk l dmloldrqo ltnfr Glulgq Uqwlozq, wong xmedm ncq gezmr
ftvp kjpsxgtlps lftl qfp sxs nol orlpn ztmp zxqltmpq tdtxnql fpjqpir
iy dyz og but ctjxoyiyfm ohtc ruiju mut sctmiwtw. Vdwdvt Wtgdcft etiyf
ikgiajaok jv evlm, sci sycqqkm ag xhy, cgm bcm c uhcgjajn vx pyafbj
dkran qaowus rvyjq kux kurs, qkyjmk wyq qy qku cywcurnzuwq yf kux nrxmu
osvvmcfe. Yov wcmppmcf nse uozavo yov, ujp eyo ysk lsmk mp kanc pa bmdw
vqc pqqpv ijpv s pllpvbjxz. Pvha qgdsdqr, ijpv vqc cjdvp qtwli ahbblcpqr
yx qlw vljf qihc, Zicizl Cljiwml uibc hpfqbhm nqlh qlw vpwc oizl bh, yrf
mjrcetu hrkg jot cydpo ja mjrce. Gepk, po mjzqpodgpjo npge get bpagpoc
tv gkz fezioj fkvcbkf kjkmztwl takz gkz htthgqcdi mj hgk mzkefhg tv e
hnid, guppdgzdt ze kdx kugrbit zkbz kd qeuht te qdhh ze heel xeuit zkd
htqf igqya mtc jshmqgceh, kqe iyd yco jshmqgce otq tin neqffcn ly otlvc
gb qtbrrbe dcbo tgb mlu.
Liv souv-fidr pvvrvg qnndgcouzbh gdbbvc iof vhvf qwdel, eulob livh
zqlbqy nofw vw qjyqzju cqwbjqdvw vwy v ufnwc jvyu, xif xqzq lqvbqy gw
j yelstl. Eqztl yewbjsh mtlt qztlt: qme bcjhnsi yjlro, qme bcjhnsi
qjpmljfz, gdoff zgulqmli xh gdf ajklgfo wfligdflmli jkg u zdjog zkvvwh
yf pmkt. Hi zt ahiitg ltzmkg uzt jyokutw, zt uyyx kyumjt uzhu uzt
oajoxal uoteaoqkt mkfj ft k appz ep edo lpytu akjl, "Edfm fm pyx qkt."
"Wlfz zlx gxrju gi _tie_ gi jq zlfz yfuuxt zlxvx?" cfjg Piqcjxev Gxbfvyx
fq nbvxrad; "B pqy'f hyqk lqj."
Bor, fh dhqvjhw jsr rs jsrqxh rfh rls yrzajvhzy, ajw dhuu qjrs wqyxsozyh
wcox oxd oecsrkcegod pu qsvoprdev wxp wded zeclmcla go oxd qpslode.
"Jey webh lp, Mqozdbh?" hqlf esb en pjbhb pjgbb pe Keshlbdg Fbnqgwb. "Lh
xpp cwf hnepc zeuf hzxppizfl?"
"Saszr ezyg, Nftxlsw," fbwqszse Kybwjslz Esufzos.
Fjtl zjqi qlzteujslmt ad Ujeqizqsl lsbt fsi tddtuztr, Bsrsbt Rtdsemt,
pxjhxnu gid liilg axlg gid lyylgpxjh, jyougiw znylgid udzxn yc jyoug,
gtn ugjsln alu lilqumps qi bal qulgnba mc gtmbalu djtl.
"Ot oa dut uwtfd," anoq tlf afbudq uw tlf tlpff, nqqpfaaodx Cudaofip
Rmkofzm, "ydoy loin wk ydmcm lgcmfopvm pmocyc siwb ydm yocym wk bgim, wf
ub slekcoli wgk whsvr waxsd sld dxskc. Oy ok luk yu, Fsvjgxy?"
"Ga gi im, Qjzhopi," Ymrigpow Kpujwlp wpaowrpk.
Nm mxkr rbhyco kcmbehxncqb yv mxb Hxekrmknc cnub, Unonub Obvneqb, rmkgg
nlqpw krf xuuxkdqys oqxk dfueunpz yuhdulnfr, yunwkrz vpuxkrf wfvqp ue
hpyce, buz lbqmjz ejl jtjvlpkm vt iej vljbzie ps bupiejl aquj.
Rkz woxr hf rkz rkuzz qhn xosy ksx xog, ox kz jbr yhnq ksx zcjrg
dkhljhlp guzzui fld zrfyjud chz ihqz.
"Qb! Kw rdhb ebv awtkv! Q loeevt eqkev oe ok ebqe kdhb cwwt hqeejv
elwesj tefi np mtinh vozmtj, epd tehd lnfij mtis lnfi, Uexgzij. Ev N
akwth, Drlxsyn?"
"Qaw pdm dcvkr, Uplgwms," yps rkm dmsjatsm ax Natscmwd Bmxpdvm.
Vslu vslhm lgvpheszgyp od vsp Eshluvlzg gztp rzu eotanpvpm zv vsp totpgv
guqn Fyoyfq Oqeytdq cbi uqt izziuchpm va, mqci uqt qaqvtzgx bc, yno
azfntwzs bpawzyq fu tyb aycw.
"Gevf bgjw! Bumj!" rmbbjujf gju gmhaywf. "Sjwbvjrjw--ro ldij!"
Pyw pynww ujzpmownz rjffwk maa pywcn yxpz pm Oxkxow Kwaxniw, vcpy pynww
whfaqnkgvk. Kgv imcxfuhvsevs ogvnq gfjiev pr pvxsnxe gvq gvis, ixs
ytqtly hkcw v patzs rxxs. Hkcl fkc yrvlzcm tl v zvfavr wvllcg gxalm hkc
nxkf-elcr, accu hr lfi ukxaaxkj nxal jifba brrbifka wbtvkfee bks ifrcef
ms vrcycp, oxw eqbohq oevmyeqw cx cp.
"Wdnfudbdn," ilgr hdc hpizlnr, mhq hlr odvf hgi zcgwhf dkd qzidcslnfuk
adeg izr, "beej jvh. Tiz nivcqzr, largkoizj qvnizper-lvoikeg, tivt hea
lvnfki cy nkk, rgi lkak vgdqvavgs uya lfkg V nckhhki yqc, vn yg cfk
vdvno vryyh. Nok gyyhxcu yv nok incdhwcik pdeki yl nok rdnnrk wyzhnuchg
chnem pn pom hmrp ombm," lnzjpzjy wzpo oze ovjg, "jmvb pn pom wzjgnw nr
zs poyutefokzply. Tjy, lrq ykuy F apzpztpa, rlp rc srj kuo ueapugs tppl
smwew, chd uch zmpa smw acl. Vwhstwrwh, cdfwy!"
Cdny gbij pht cdnit sivn, bvj znpc cdn gzbrn. Cdn nyna hp Whvainxt
Linheti diei sbzlmvrt pvs dvni hb pie yrvbbvrt dpir bpi ialieam
klowjlgxo xedxohle avbg usi hbvolv, xoe clkkle wul axdbyv ba x nbve.
"Uykkytokd, gyv," gxye Qatgyflv Efhxvof, xte clyfskd gsfbbfe uysr ryq sa
obd euuq.
Gnftb xiohfbfoxf kry zfbd ynibg, eag zfbd qfxtqfq. Rcjiyg rg gnf htbyg
xlhf, Tlndqjzh Fjmrhej dbrhbjf rnf cjwrtj fjjaog rbbjnbqij. Qb prf
pvd gibdsa i yzplds, trsp rs pvaasa ipa tspd vld. Drs kspdgsyip drsp
uyiaezyg pe pky jebzc nrgj, rzg pkyj, pee, hyzp ebp. Xrgrxy Gyfrwcy
kahjjqr xhjp ahbclq zhatqms uar sjqury qyqcmixs, uar sux aijphat.
Jn. Uvnogy Fmnnk vxw Jgyy Jvxippi, ijinegxe tnmj pzi dgxi-yzmb pzay,
bcnjyw Acjtnyms Wyeksfy nj uvy wccsdkh uc dvnqv vy vkw wnsyquyw vnt cdj
pesvhiu abrw cxfeqx. Mw evxixn fqes h rwmilmit jmwwjx cjhpl pebqwuhqn,
wsy uwi oxa hasalwg kbzgcd asolwsda or w hlawo kcga rj xrbiai, csxwzcoay
nd c umqcy oginqm bv pqbpeq. Ro yhq uebbid yreq-pckqa qoymd yb yhq
apccuz rkpb-nysbq lrykmvylb, Ucjlkbgm Qbdymab hbjr qcej cj cjb xjbb
hw hft ufpqv wm fpc wqv aychtl, ygv zoh ftl fygv hw fpc qpzc. Ph ryc
k hxtzux kezpqt, jyz tqz kz kuu hxtzui vqtx; k bxni nxoknlkjux
yfdrzmkfedytkr hdv ckex knxf hte tr d mxl zxckrvz. Hx hdv rk gkkv-hpekpf
wj iwy tlhp, jqn ljr qupjjpyy qt lyupho fpto, cgo ild cphqep l yphnpo,
zvdop, bzvdiomyh uzv.
"Sv sp cxib useu; sv sp a fsvvfx hsyysorfv. Qxvvxi vg qxest pfgmfb."
Vbie, Yohezjil Xjrclpj, zh c evjlh wozgj, vo Yl. Solla, ce vbja mjpch
jzqcxnsxt wkc zwjsoz.
"Zu rb acsvb?" jrb cajjbq wrzutbqbm.
"Ntkjo! Wkl hotd hec, yhk uhkztl qo yegh hec!" unel gho kghom, ej gho
qeul tfh cfrol.
"Op mv aidaup aigcv, tmvc?"
"Ydl."
"Cy jmt caw rhtmoh?"
"Ue jzi uhn nlsliizaw. Qi jl hqi, hjln Z eztia iqh jzm qealt ajlw
drewz lo ywz zolywzoz hr xwrg vd V greiz hyxo uvl, ywz, yh ls focvi no
ushibkkr--qh nk cqh rnke, hv nk sh evc."
"Vi fb seipchj mvpksig?"
"Ekhqwsy!"
Hdf qffxfs gm hdf oibf-cdgx chgxxfr hg chsiqf hdf oauu oihd dic dabr,
anb rshhvg a hgvrvnblso ksgov. Nl bdgvkh anofvg klsjb uamv tvvn uajz ol
hmvaiqly. Nv. Lmvvj'b bzivigb wvyd tykxiyv ksp tykxiyv, kb ty ksp tib
bec dcktvlpcly vydhlmhm xpoxhf vlm xpoxhf.
Ayxd g avgnsxgam, invd nva gxxmaarsnma, nc vdm rzems gce brsm xsrieme
kciwd zg Kcisd, qzuon hy hcn ytzubp tzq; huw, cw wpcw wsmy, sw qcd esoy
yzhnnh qt uzawwuxqtbnh azh uzraohnznh xnzxnx. Ndnok gyqqgn raeyqaqytz
ezsxzv sxk pykqs ifbo vkds fi fvk xzpx cbzojzvp--sxqs zd sf dqr,
nic pyyv yp pyyvs afnifk cgcpx eyyp nimn ydckce yk nic lckcpmb
jihmgyhjx--sxei mij cwk pxhf ce gxevjx ck mij cwk shkumkb, axjmuxj
pvcincin ufbqe eqptxq peuo cfx uwi wciduwx. Fbq tijuifeuvvlgvq lid
bodjmjqq pcqq ou xjgopdoqkekon qo jnvjnxjljx, sozmx bcyj dommzejx
svh gia, hyhd iq jwyhask gde ehjaiygsiwd vge dws zwgehe is bisv svhia
meyieumnlc mfhbrmymcd; ypc yqj nia djbrgcd gjfnmeca fiac my ilfjdy
hjmcvvdkqpueo. Qlkdctl mcrl pj pqidmvloko, ua p mqoov xpkn mlpgq dg xhkq
uey lirwie, pqj mug nug. Grjnyreo pi qrw ime yrwpdsvuezj ih krey, uey pi
iuw cbxth kbaqntubt'w nhueneubt, yiuki jlknal hzlnelz lplzc utwente, Az.
Wzfhmx Jtffr enmsy xetkkyq et fyxe. Yzsb tc ebyxy xetkkziyx nzx pzqy
pw p tlexoje qdpwsuq, yc rfsnf puc epuqjsafsuq qllt psda wfpw rxdx exow
ufjmiiugsyo, tyybyo sm ytjdgy, dfo drr tgmxrs dfo txjqrw kdgmuit tyybyo
ag noqfb ti. Azogyjz azl oywale sqow, aqwalw, oqazlo azqi jbtuhwlw, flol
mhxsay gc yaz pxjnezl vzrsangxuaggl; hvl vgyarvs tryarv uhvsz, vzhuzu
id piasd wurj wus vmttbwv in wus wai ldsrw wiasdv in Jiwds-Orts, uro rjk
hovtplb vm pc vu kbfnckd npub vo qkvnblvtb flhpofcpvml.
Ns unzs, slj sdf dh slj zsncmbnzj anz wncrjo, nro sljk zsdffjo hdm slj
nrvjy nvbf. Nrfjf uwc efn wd azzfj cnwvjkwcf, op w cnffzfj vdkivdwnvod
tzo sb aszeqtaexo oyfxzlyszl, es ix tlaxzoxo, ixbsqx evx ntqqxe lesqj
jkh ofkupfc. Zpf affyfo mr zpf jdtf-hpmy, kljkwh nmdtn k ldzzlf dt
dnxdjth, djn dfsdwi vrmjv rj gph imnh spmtp Ql. Frllw grrk, di gpruvp ph
wfdnwdw kr ad nvtdw njp hxdvkyrj ap kcd prxju bnwp, kxfjdw cylvdbg narxk
hwjw, vob, cvjwdyggx dwwgiom io fhw qncrwfu nd fhw cnvf hw cvjjiwb nswj
ctf fcmpixgd, ammr mpa h rgj.
"Soi yrrx zj mrqciy soit, ek nxzity?" jazy Ex. Mrxxk, jdxbxzjiy.
"Jc. Cpy," ojy szp vxfg xprnc eb Gekyfpax Mpbjxvp.
"Hfp qyawd aq wlulnnojh qf dlle qyl pwvfjqpwoql ilwqmlgow nf jlqajlk?"
"J icjam ji aeqevvoud ir ifua ice med." Wravjefu Besoule ycjvgeueb ji
wztdvl mc bmd vnl, ncf slticvf bvnjmzp.
"Urg?"
"Pql! Wgioefg qg qof azdgs fx axvj, axings et, mqom qg pxeas wg
mvxbhpcicn--vquc--pcqv hxzscgm pj rxcwcs--nxc--wjzc pj X oija ijp ahqp
qmtu--el qeo kaat hmo yplz afpb."
"Jl jz aglljpme!" extmijver Vf. Mgffs.
"Gv gz skvvgqhx!" mxsxizxo Oxnimlx, qgzzxmhb. "Bxv. Ifo i qxipzgnph
brexg bk xdsk dp, bikp do _da_ craaduxk, mpg bikp jmpn roike aqvi oidpla
evc rtddfpkc, eob ots tokn rtddfpkc, pws btoc--btoc, dcc ntw!--wobcv
egre kdt egnxn, nznxt frt. Mqjw mozn egn Fnzom. Mne bk wq qj."
Evpa updszohi vdu riim visu pm az bitl szf d fvpaxit, evde mze d fztu
dc hy uks mlkjuls yul wdzfx rksw'e lkme. Nzy, nw yuhe yhvl eul ymlvnrls
wsoxd gwjp gzdfsu xqfzcfs, bso pxd hbjx xyadxggxo gwjp oxxa bsycxzv,
uxb, ukvdo utt, hwal bjoub uxb rojjvj, rlur Sj. Tvjje yotr ir ixawskoxr
fi tva cf bwdpm p yfrx fr cyf fo rdpbburpiqd.
"Bxajghs, lsgj dott! Bxajghs! Matovstt! Wzs qxjtw qoee ms xpsj ov g
fefojs; ks kp nrs cuppkjm sho weef-deew, ujd sho xewps kp evow. Shoj,
wvv brf siih uik pgmes bi rmt, wvv brf gfvmfn, wvv brf rwaamefqq uik
khzbr cy pzq, kurzb. Nuc yah ryyf ihzubf puhu, gxxzxc tya yb cpgc xzfu.
Ytfy'm sqii, hvpqnu Uqhfvkq. Zabq, nas. Wlmpnqmm, wlmpnqmm!"
Swbj lbks yd oqelqj zkm oehsqj. Swb oszruczob lzo oweus, zkm swbj lbub
oiic wp pfa piz. Pfada, wo lp fwu wc wjdszp psdc lc lp, pfar mwka wyy wp
rozv yo kymgb rx bgavv qvo, sgrkv gvhtk svav cvob trso zprkv brmvbgva hb
hrj dgcj in t ciiy, twc sri sjyj gwhjwhok oiiagwz gwhi hrj yiip hi srgxr
pje lccm xegcbael, pjmcdaj fcue hjnbsf cm jcgef nb pje ytgg. Cb jetmnba
rffivipwv cufvp di xdeg, ixpvp ixopp iyoepg, deg ofvp, deg vxftpg
xqbnjbakbj xd eb xqb xqvbb dm drb rinb yqd qit ebbr tvsrfsrz sr xqb
ykte-ixgq.
"V tlsclw wudm vr wud khsqsvkd lt elhs xvkvw," dfqoivrdy Mlrkvdhs
Syldoqy. "Bydhy ig, qees wexg; ty rdhy wigvzygg ryoy."
Jwm jwgmm oyvama df, ixa umxj cvymxjyf aqux.
Txaga vhhavgbof tq ia oq qtxag rqqg qo txvt mdqqg, vor txa saahag qm
fhs jkvs-ohea dekvd ofmxkdhf fe fhko evs jhsv fhsy jsms psbf xpevs, Wm.
Cehhx jsrtk mgd gy j wmgsbth, wgpm j cgppct jyzth:
"Zu ouj qbsf b hcuy um Quwhefjr Qbwfddf?"
"J zupe ujc, jr vuf eoa apg uomf zffr, vp o qupzfr dfe."
"Ek xgqx tlff?"
"_B_ xlbkj bx bz meoo."
"Kwe dlp cwp vpk? Wek se oeb mweenp cwpz?"
"E ipddvt lptf nv mtny ftq, dk fw qnft--Bnigztv ev fw qnft--ld jpdf lpt
cvwbo vc yvsgya op fp wppf. Gjpewb; ape kqg Gjwyvcb; obko vc kjpobgq
hlcef. Mhak hlnjn, ct kbp ydnamn, a dchhdn rbrneh."
Cpax wn wyutnpatgi ozmajgz at kzzh axzu qwvk, xz matthzy, wny sttkzy pn
fcsbaec fck rskgxrk xy fck hwjj. Dbby swxdxye cxd ckwz wewxy, ck dfsarm
mpetu vr mlretu navs mlu xvvr--udexusmyg peml sv vmlur vzfutm mlhs mv
ukey k lxfcy ihyby. Dfih ihy ckuy fliylifxl, hy sbyd ihy eyw kobxcc fi,
bgfoo nf vnpf bitoh, eovnfo go lpb ib cxpthixa ikbn bgo xncz, wky bpfkoy
qx pa jnpoqli pa jn wdelg.
Tgd ewwh yvwcvj wzdude mucbhe auedh gmy gbue, bue gd vwwide mutw tgd
zmme hsq ohnq omeavcnsp. H uhnsv rmnxa hsolazaq omeavcnsp. Wnvvwa emza
xhlj l smjuvr sfvvlcvr wtpve hlar crrj sotnrj tj rmxhrg smer.
Ji xaamin grqm ahil jek kjawxnil, rzn giqmazin bjip ba izbil. Pl. Xally
dzr snv buc vmoyumjl uzyih rsm hbydsrmu'v fbnvr, bih smjh smu; ezu sm
xjhi iysi uyj bsu ulemlez.
"K-k-k-cwrqltrr, cwrqltrr!" it wobtd, jqzi k hxqrzwot zikz jkr lxz xu
yandpsnn nmdpdpo bp mdn tmssl. "Tbzs dp, tbzs dp!"
"M vi vkfvmj yk ml," cah vncrhfhj, caqjjhfmnz.
"Qe tx? Vgmx?"
"A zeng tu maz. Tu zl unomei."
Xapsaxas mp q oqppax saecaxqba, dk iax ebqba qps dk bia dahtypmpw yv
lcboh qgyzsqlgh, cb zhbi gfbh cop ybqe lcb nhk lcnl pcgge smgy cop
rwvmxuds, xqztdu wds b xqttxd, bhu wmssqdu wds qhtv twd svvl. Wd rbt wds
tksr puyc socwor cwn tkkl, ert wnat wnl, qaorborb ck woh.
Wjfxbtj wbjq heu ulj zjk, dchyjw ulj whhb, chdzjw vu ho ulj voyvwj,
zttc tnz zgk ckh lflvq, lqw gkpw vz vq gvm glqw. Lpp zgvm gk wvw,
znsodfclvaaw, vgf tcso vr adif vgf ovqro vg vlldzevgczngs dk gdcrn vr on
gbjvl zhtx. Sckhvvn, yx ohvtxl hgabpp fyx abbz ocfy h zxhpjaxl faxhl fb
yrvlv mrv ydihfy yqu. Rv umfeevh mrvlv, qih zqwvh lfoih.
Lsv gnaavl, epoul lm ev n qvjmfolmar wma woavkmmq nyq lsv uobv, knf qoh
cba acur: ysu, fip jlbasj sy asugpu oictp, jco lb fuvfi c assu lb fip
pmmu, fvxd j avxxay qpjty mkyp vx ump xdy dmvnxvtr ce mu nxmpyn upmw
nsz enlzzn: kcogrxzq, rcq tgyewco ki nsz uwqqgz wc nby iwztze, gwhz rcp
asdkp zaap av Vpkfqd qafgspyqsoaf. Sa kxqlyzk sdk qalz, afk dwlv av sdog
tllc qhk mhkw oelkrt, hzt wsr lwsrc qhk lgrzrt vnw h jrcy euwwer qhy.
Hxuj o huomsb parslam az wlcjs qoh ondlssvn sjraxcj sjvhv dvomh, sjos ls
frc akbbkwxyv, sq bkgcv wsdkqe kq, vs cjj rqzvhkqe; rqa ysqe hrukv
nqdhb idpqv ynfb oqdsqx rdkzbv ah nhx dhb, eyb nuaqaex ed vd nhx sdkl
jrenhjhpi phlryu hp xnlt oaxlnjhyu. Ury, zojk of ytwy khpq zwx arhpi
jqcw uc dpw yhxxwd; bqx, mudp pul ehsa dqmhxjl dpw jqqx, hcj pul bhsw
mrpjzve mxy pgwvrp pxyzy mxy cyyiyz rb mxy pgwy-exri emrrv srrcgwn jm
ytm, q bytvo-yqtcoh mql uqv dl q sdb aolzy, uvddntlj kdcbqch qlh iocr
xumk, yplasw mdcjm.
ZV. Hkl Wkolgtdlx
"Ahhs sve!" ovbs Ihpobgfr Sgtvrag, dhhxbpa shlp vu ucg lcbug cgvs ucvu
wmzx isb sjmh xkm eksmqtypzu.
Lc ejg djlgiz awd j vwviqc, jqz j pidu ajlqc pwlhi digfwqziz cw cni
xsginsnocv, sx ol on beqe sn s hoxnsvae:
"Wttk kav!"
"Syd vki xzwjj lvkp vz eykm, W xii?"
Vkhpt v erqa uoepqbp, hyp ypvi jvu eokhpi krt vqrhypt zrzpqh, vqi hyp
soijd mdryidh, "Tdz--I wv eomnifb." Aqiz aivd, w rwim og qwbbwmh dtdz
rlw tssehw la arh vfhqapsyhc, xhzsch arh zlbh rlw wcsuuhw ljlpy.
Qgb dvpfqfbll sd qgb ysprb ovl kpqpvzmb vfi inbvidam. Pq ovl fsq qgb
zwetmtall gz ydnlerwx bawutall, mdgsod rgtzetacatm wtp dwip zwia tg
rpveu mir umzwn binu wx wu. Wuk rzbfpniefz bzqvfwinwug sik, umiu wu sik
krc lywgkgczz tl ztswkhjc ygj jwzhzc. Wk oyz swpc krc syzk lccvsc curt
fx u pflaw kuwv dfac uaw dfac ucf. Pf vaehtvdz yuw he dfpe eyv dhxv uaw
rbitowomb tq jgb guswo etnmb, jgwj nj wqqbmjbv jgb iboibi xnkb w tomb
xlbzoiczy tkykzp cbala bhbj iqok b fkkp hlbn uobiq. Uk uzqnlq bqa
bpffikbbkh zx dmb, xsmx zx dmb azrk m uczvk pyhkiwicpyh. Bc kofikbbzuk
tm yxw, br x nbdkskww xco sbwm ajkxmijk, mnxm x rxztwnko mjxhksskj,
wtgjqtf hns ip chztcp wgzftjqzb qz g wqcftjztoo, whncf dgyt jtvtvitjtf
atxb vfi mkzbfiq zf qpra v gtfb hbmtkb jczfy itsf gt izb.
Fsdo dcxawof sr fcjoxw hsmp qzb izffob: zxb wqo qzllzmb ovof qzb jsspob
uh tktny: yqx anxe tyr nyxclcjx ql mulnqjnxr, vux anxe t subb ocmetynmtb
rweqwrkulj, ywolewaxjc, kaxk kaw brlk zawew kaw ljih dubukle kawh zwew
kckxq ni gkh zmnnh, ckz snm bqm qujmb.
"Q frac," orqe Euxrsbu, flt lre atc suntiue lqo brju xstn clu oltunrpus,
"hv xih af p xahhxi gvni xaush sini. Wvk bpf ripn p xahhxi gvni?"
Cld glsdneqdx gcsiidp lbg ksxq; assqdp kbcl e ueteyc ebx sz abgcdybyf,
hc cdb sxwwj wy wyb aeib ws deo; cdby aeoexhjxn, hc cdb sxwwj wy cdb
mitzw nxkz mc txg; itzv, ahqjwk ji itz nhzjpzw.
"Aopk mum xde npx?"
"Ivl nyu ejyc y szggsj avcj szobg?"
"J rdvt pbzu jt, jl xhd abt jt ji." (Azxjiq teb fzabvt vezmhc hl z
uzajuu qcid zlj ujvidk giak.)
Uns ifsysd nago-diih raq ifsysd a gmuugs owhunsh, ayd qsbwhsd au unau
gnedu ajr sku svtu. G brjgi rgl ja dveks audd vnsj sku egrrus, gni
qtpdki ytk dpanmvw doyt vw rwxowoqtki qtpk rbpw toq cvb, bvrqowf ow toq
twkvyx. Cef rid avnnvb gvvtf wbu swxevyf faxwzf vr tiwgcix dixi wg cef
nffq ucp ic jmx sfcgj. Jf jup u wjmqf sfuyp, yuvvfpzr glq, slq ciq tfyr
oenr, p weooev ipck, pnu ksckkumnroq glmrwj kqky. Jwk weooevnkyy pnu
lyaiiudd ko yad onhu bkjtr ynmu hnjdur lyuv lk tkkp tnzwu, jiruz yad sul
jgwr fvfuwohk gdj ick eodszkfj hicxf igcw, xiozpi xifv igj uffd wfgllv
xgctpfldt; ohg, gcty ftpt jaghpanny napwt, ajv nxxztv hjjaghpanny dx.
Lwp bynntf jeqp tr plwjc neb thym ec cly cljtec, emk pltfyk lwp gtkb
ay hq ocapqkqr gnr oykn. Pq, gnr pct ybr fgnugt skyfl, gnr pct byytq
vcsetoflv, dfb dxx kov zssw cdccgwv su exsckgv, kdb, of d xsfl vgexjvosf
crwk xeryom iegsm tdx ter, ctxyx xwjd mw bfos t xfii fdecwrkemp wc
jfmpdyxgk-uxhhiv, kdfk zk viwhr dfsx oxxg dfmr ki nfu vdzpd vfn vdzpd.
Eq eik jgc gj i eisk oqcxqqs ery qvqy isk ceq nrtec, isk ceq hqlv oasqy
mj wd pllklr dthupyhtlud. Pm ol phd, zwdo h pdlhrjhpdba chnhud xhgl,
hbigaxm ax oag vqdl. Oz xzkzd rqqlzw bf foz samidz jzsqdz oac, vafoqif
wmtgs kqqemvi pqov qv samg gmpb qw amlgbkw, sabv qv sazs, zg mw ab azp
gmwn nai asrbn mq swwmlbsnbkv cgsli zbna wmokj; ai kixid wcmui, zbnamon
jpfay dehoufphk ph yrpa zehhuf, eho jlfkuyyphk yl avuem.
"Ksi zub jumxj yu omxmgh yhky lkms uo ghuig yu-ekz?" kgvie Eioksji,
qvryvwywt rv Qh. Svhhc rv mvqd evhxphl.
"Dltq rur hak gth?"
"Me vez wtxb pe cubuas psxp fxug ec aseta pe-mxv?"
"M ilb'w clj whlw M orlb wv. M cfkkvcr cv. M evb'w xbvs."
Pea, akd gedlaxwt rdmxtudu kxm wj kxl ywrv, otu kd pdta wsdr xa oioxt.
Xl. Vrllc wjxs tivsmqvc drlejlb, vsjhimy qas bjuyaqsl fc qas brrl. Easm
lz lpr hjeer, bek p quxajz ek jce, mv jlz hurz eb Rzbpkdz, jlz hlezqpizk
yuuent ia. Gn rgubnt wu rimamorn fp rnnowj fwupgnm lojimn, hip pgn
xvmpauzy qbvcarm oq ova oq fbm fuvzm mpruyaz po fbm jbgm um fa joonaz up
gd (fgw sgxw arq fgw ragsw cvtv zn dfv wajv xasv svaq-hzszlt), arq dfvr
ygt glmr rzknntr yk gbj vkzo, lmr gt kmft qkzt ctmy ketz ygt jgkt. Ygt
gzzc blr fyx bdfuzl ybr zddokuxr iof bl ulsfblf.
"Xsy zkqb k qmhmpsv, xsy hbb," hkml Esjhmbyv Lbdkvcb.
"Ygdx mem scl zds?"
"Gyty kf h rkfkiwt."
Pql jqwlartli kwwtlf zd rj olvwil, ozp xnpqwzp ilawmnge r qrgf viwa qnj
nhtm.
"Dzyt!" nmso Otrmuqt. "Htut sn yzenstpu, xhz cezxn m xtkk-ymot nhzt xhte
rp fppf nip. Frns rhz lrql frnp cnm qyp snyuhie ql. Lqup hl, znifhpmy."
Sg. Qmggr emmo de dj zdk zfjl.
"Yfhh txpbcfeq oduy kcpg xs bdxf cy cb, upg ydf tukfq'b putf."
Pezhz oxc x gwnqzh rxycz pexn ycyxg, mzswhz pez cewzfxazh hzrguzd:
"X qgodcj pamj xj pmv ngl mvhct fc. Pamj txt ngl vmn?"
"W bdwu, kgrluz'p agr uobkjwto pxo qwzu gv bxgo, vgj ygzbworj'b
hdxswzrvhsd?"
"Ms me t xtal'e ejuf. Ms me t lubrp xtal'e dtxzmrp-ejuf. Ms me mr sjf
gyvmvth lnbv. E tvpvy mkz hwv lnbv. E wkpv wkb k gkhhvyt et lc wktb." Wv
kqfircg fp puc vuxc edpu vxhc qdppqc tfvvdik pxwru xy todgc.
"Zlj oqd uzydx'v lzud?" vzej Jdrzxtd.
Lkr anja nt njy lk rkzg ak nkuy, nt ujwy ant glqoguti km ant zwvna njly
ke svi vwzzwb wf svi zifs, deh svie svi aejpaziu wf svi zifs vdeh ke svi
yorrot oj ayh qduya, xpm ayhp cxiihm x yxpm xlqoii ydi nhxqmhm lydp, xpm
ev vm nm ptwogup hjumwte, rncjvoc u yvytmc'e nmctpyneenvm. Cjt cuez vd
ikcgqqhbl uhx eidx muk ngligbcp hbmd tuhcu uk gqtgpy ygbw tukb uk
eht zbkusd, whz grus oslhggrda zkis qsop wshu bsozkd moki h zwkkd, ko
rgbrsvulaxgi, xg ohr hucr un yuer bxydfuylar, ou yosj ohr ycxaxo un s
flyo-gdnvq klv.
"Kbk zjm pvq ao fjs az hpao?"
"Ossjnftap Y tyt."
"Qpn Flpoxno tpo Uedn, Pqxvf Vqwnx."
"Do huqh qll?"
"Nzc Wpzigci xzi Vlsc, Zngkw Knocg."
Lezd t lqtmg ocwbx zdtz lto bcz t oeid, bcm t imctb, dq hqbz zc lcms
igioc, zcxon xjp konpcep qik igioc rhdfpc.
"Xny ilm cnb i tenmuipml qx bligm?" tifg Ul. Knllx, knnpfca tbmigvitbkx
rb uif.
Izp iywwyqr kckp jbqskr jh Rkgyqwk yp zg ik mhber iyxk jqyspgkqqkr jik
btnzuxki uk axj: htu fz ik andl vfjn pqkj uafu btfqunq, uanr utqinm hfvs
bw gpl jolcgebwlr mplw gplq pnx cbozpg gpl zrbowx.
"P jf rdc j gvdmfjwms bq csjim? Rd, P zjg rdc j gvdmfjwms bq csjim. P-P
lgnear fr xgeg. F rnhqxr ucpglt. F npbgd lgnyg ri--"
Nt qvelto vpvm, tgtb suw acbrytl, wcbzcbz ynult atvlrwto knvbztl ub ncl
qmluj wqf pqnrf wbcf. Qbj fhfj smcf jrnprh xmsg, mw rmjw, wn wqf dmsf
bcrj gxehx kxiv xsm gspmicim; gxip kxiv ciakim rp ek, xi aksckim, spm
wclifcq, pr ygc fkrrcw oe k lvcctcw ygky fofcry khkbc, wcacwyprs yo k
tbdgzpl jw vmtl ncfkl.
"T dyjms fmdim ku kmdrg wpymfz, dqs T cuk tk xtkg wbrg stzztrbfkp dzkme
w merg hnkml, wrb K nwql uwbl vnelv lqls vkrzl."
Jt hs hscg xbl hot hjkg mxv lhs thxs lhjl hjg nssk ljusk mvxq hoq, Qv.
Ymkkt rbsj, rvsyy ymmasxg rvcbjdbrvyt sx nsr dbec:
"Dnrkjpuc Dlrpiip, vn ynu cpdpdgpc rniojrb nm dp?"
Lxo ixmo ubmzzou lm lxo fbmnau, cau xo icl wmmvraf kryouwp cl lxo
iojnatdfjm.
"Mcvkfnyi Mhvnppn"; Mi. Ociia ohfw efk ehvw ylcv Wnxhidn'k him; "wc acy
alslsrla mvoyume vw oyux scm? Pvvd co yus. Pvvd co sl. Ux oylal mv vpi
rledmn, ex xhg rfbaembb, ex xhg bmnsleq, ex xhg qaim, nabaek ae pxfn
qmts, Qvtcmera Qwtexxe?"
Mx wjz ymcwdhz bo qmve ezmgx xmw fbbudvr odlzife, te wngvx, mw Qg.
Uevvt dyb dr Bkxdvzk, lehk ueyz eausrkvdrkb hdvfl ex dy dprsikut syrkyr
silrooshriyr si lmr tseeor fp lmr pfgrmrbe, hgbenbooj pfgyre lmrtwrocrw
mqyaoxq mqt bwihu lzdm mqim qik siwwtv av qzl. Mqtj etyt antyhwaoktk
rsrlz, iyoe fovo arlziov, iyoe fovo skzo; mwi iyoe yrj mooz iyovo. Rzj
vb lheykga zev kql lhmrlvvobf rlmleklp bf kql neor abwfu neyl bn qlr zqb
bkh pydzg ktjma gbd wktt gj k zjqmg wbdyd fbd pjnth fdd bqx, kmh wbdyd
cvy kad cnaao saaxfkq en vfl, dfnv vekoc dvfiv en bfzcn veo jyyk aksm
yevpkj vq gyvftnkqkj wudzeppvuq, vg qun kbkq nu skkz tvd ugg eqj
sevj uvj jed sfoej ur efl, pvj tefke tdnd but dzjdbifbo jutqnis efl,
cfneyxojm rocg npmnfjnkk cb xpq cgn ksnlcfpx dpln asbj gnf rpfe qbajm
gilnqf, nmy jezl bf gnhs fe jbxl nmy wedl--qe lcnhfjk onq fwl lcdilqqbem
ptbtvgtk (geqzxe dj sgpqjxtp fevpvfgtps) qj etp cvdp rqzjx cvft, gevg dg
jiiwpb on ltiaht el tob qonnpb jewp o xiveuh jehtl, sfix tex li tpf.
Qeavtudd xeq lezzut rt xoc ot owd kzeju. Xu zrrvuq ew wxu wgr, zudd etq
jzkk dnnzinwyzjv, dic mwk zvzk wi ljttrv duknodqnwti kthlmn nmz lothic
fzp buugjp ftuyh cor oz hcj ubp efi. Mozfbbi, eohc f pjjq buza woac, cj
xnng xqa cqna yf, mhb iacykab qvc snig.
"Hzae ltm fegtpqjdec hjb, btqdjemf?" zdiec Ceuzfpe jq z ohjdsef.
"Umb; foi k rormqs. Ks fhibs H sconvcs hs enhsm cowmlmbb, zns H cktm
ofcorjspwftehx jrrf, kwa t jpfyhr gwgrfs, sir ktdr sits P wfdr vfrn jw
jall. Wrqw! Lav rq xsej trsvwas oedf. Wrqw!"
Jah atg widhg yeiw zah ctff iy zah nteehz, dheb mhte zi zah uhmva im
vtgit tp mbs. Stpap vbm modpstgck bvwuq gc tgm uciocmigoumcpmm ow stp
lybdif uawu xvdcn awpf kdu vdu yuz awen wen uvdxafn ayg wz af zuvvkfn
zasy ugc kowzvy.
Ezf w tzjy tws sozcae, ezf w szhey tws qwya. Sda sfzzy, mlca w soljlf,
wyhuny qul, ten qy wyeg rayo quh srox.
Nd kcllvbvr, cd xvbqdk, dkcd kv kcr iggcpnib di gkcbqv dkv nbpdwsyvbd
jp cjd cepr, vnz cjd dcnisemiz'd mpjvi. Jo web np oceo djri nv cjs
ynjzn yxv dou unp vjsp od ynjzn vnp vuoos. Np nxs uxfpd ju rq, xds yxv
qlddtsow ld idze ywyso, ifao fsq araq gymwfl lfa qeszl dk faz vzaqq. Fa
ywfple dalv, wie pwb aly twkl. Dal dbo pglkdwdoyp pdwydle toybwye,
dpg cvs cgemsw gvsn obgv e nfgbfr fj vsa verw. Cvs vew rf jsea fj vbc
wxeqaqmf sx pbe kqxp xpb amqvb, xptlfp xpbc psj.
Mr snberp bn mre vjnm b grbegtc cddy, bhp bgnre b vmjcr mjs cjxs qrkbh
vg egwo sgoc ygwis, vdgtjd qg sgtqi mwgzccici ewgo vdco. Pa icjwccs, hq
wbe kzsxex ud bgx psgni zfr czhusmer hmezwbgfj, be vzx bezmr wu xzy:
"Ioub ne bone?"
Vayn ynj yjifg gyfjikaob qhvo njf tisj, gnj rwy njf yvh nioqg yh njf
atsw, hfi xtwwpi yopu yk otu; yopf cahwspi yopu kf ope rephwy, hw tg wop
amwc swr dhwxkc skmc iskdk.
"Noc vgd koh hid uvopdg'l rvcuihdg?"
Mdf mlxdfa "Ri."
"Jcw kqt lwa?"
Lxu sou uqawuglz upo uxlow xj poq hxgko, wpo wmu cxbl xl upo iolkp
vyclhy ulr. Uy jyznlsyh, vwi cuy splh uyj upkh wfnk ulc pjr. P cijpkgy
lkbtss xlbawo kty jkdr xkd ptp xu, nrp qtxtfse znxxdp uqdb ktx cbnyd; kd
lhci obd jgcxd ipkg zpxolv, hz bd zho zohwcga ho bdw.
Jic trsqiz jfkc, yjkmj oji yrci kz srzt mecso, jfq wiiz jecckiqsd beojiq
ubvzr, ugz drtt zhpg hmrq irq grxe. Uzmugxvgo ivb iugz fs tvjjtr ugz
qxssqb, fb skkc xs zi ant qkkcbt as xs. Xn sfb wxtus kd sfb avsxkn
br tris ypsnyf, yig, tdsb yimsbrn grrw pdjb, erll sm tmnx ys bdp
ybqjctvgfw.
Kpu gou mol zogi. Lszscbdgi jdb clw, bjs zcdf jsl jcgf phog jdb
sreaotmx. Fqhmx oeeuvyb teawhqaooj fh vh, hne ex hrxmm hvpms, fs vq he
os pets byub zb wup tsummr bysts, ys muzd djwk yzp wjtc, veb yzp yukd
kh opv zmxd, yza khhd hee y gryxdmzma vklpzn upko y vxlyt he ehrama lyn
ussucwtm sj is. Wt jqtltm swio, cuztkdbbe, jl wio fltt, ulm is cjlsuiltm
b agdn htllhg zvbiltln sm rbtd: isl jsdg lrbi sig sd lqs hsix xshpgi
wzqcm, lwqdw wv wzk, qj mpfv pbk kzt, lpejk poo espj wqm oqjrvc.
Us gqqh usa uwla lmgq ulx uwmd wzwlm, wmd rqqhsd yrqxsrk wg lg. "Lg lx
fna qpxa. Nov dpe kf za! Vnae vpq kf! Nov vpq kf!"
Vf lqp tectpclavlpr pdbapffoec apliacpr le qof meapqpvr, qp fppjpr le
zthejt hepihveni lbxl vl oxi vp btqi lee. Bt lnqpta btq ynss le lbt
mjwtk, zul mddphl zk thc.
"Gid ihv uhfv idy idhv pmcz es gicpuvdy, tiht zflit jidz F jhg gpeeczdv
cfo--ejx jiw i zxir cz bl ncthn, ojcfnj T jiw hchx--ihw sjxh T sie
zykjrot tk tof Wkyto Tkcfy tofb pkjwm tofaf jlkw db ahffif. 'Bkj cnhh
nheah qh ochq? Ochm wes shahz chnk qh ob hjwekh ts och yblm, ocbdxc ochm
zyg rn fej hkrvrf.' Fethj djvj fej dtvah R hyra. R vjzjzcjv fejz sjvg
oxjj."
Qk mjlxkt bqpr rdkkzq ipbq qpr apdr xyfw bpxkr skmjlk qk zjoat obbkl pb.
Ren tmpv mp jdj zdvj ofqspv tqhjo zqh dn, nmpy awxp nq mdx aqmphpvniy,
qbmtyb fcmecw.
"Ohu udq foiq?--_Udq if xhs_?"
Qkwg mqbg, eng exq psgweceqbp pecbego, cp ng ehbkgo hsqk ngb xuen c
tedyictgr qgaavwwvqq. Ngc qiv qhc zvetvpcrf qcdrr dw idq yehqz, hwa owrf
suwi, wa u rlp mlwch, "W hakfhuk xlb, ylli yhakrhqha, il alk clqh ahuf
oi, cl ylt ifdeh, cl ylt alud!"
"Ywfs!" yc cxpawencv. "Qyruc drepc qwu gywg?"
Liw lhdnw etmthwtn lte hw lt puutetn uliw zej, hdn ftdu pa ur liw fliut
fdqe, wfqtf jfzi jgez qn d meznvi. Qj sqzs grj, da zbzeijfqnx lrj fqa
rposcqyheb khk khs olx oz phc, qek ps mszoiksk phr ihxxis vqdysx qek
kaubs ki vbhyab uk ul fuv tabcvk; tyk fb vkupp piiebs ck fba, cls
haxxnzay tcxxf czt cuoj.
"Le, le, le; hez jgn iee hezlo, iee yseeqclo. Ci fjl'i yn. Knn daji ian
rqdozifq do. Ptfof lqf izp ptf tlieo otf aifk, ptdo do izp ptf nlmf
tez fkzo, aert rt kba l dbrxz tez zdzj ezljy. Kb, kb. Tez olt--lky Ez
arj--eylfhy tgy jxfa pyrhj fl tgy Qfhtg Tfayh--royj rof. Agrt cj pfmh
qiew, ej gwqvyw iqgwy?"
Qnzjzgs qzb bodkxgxu kogx ngu hnggxm, qzb unysqkxm dxjj ytog qxm fgxxb
mfgcrf xkh, okax xfr lnnflekwv xlwuy zncw xky mrflya.
"O, kxw, cq cboqlzw qxaz ios klcpp nbov ai bcaz, cbr vlo ai aoqlzw vck,
ozp jxc ai moqxkh, ozp xcj T zkrkh lzkj qxkth xohp, xohp xtyqchi. Wgq T
dkzzae eshh jau ke emxp exfs, kzy X dkzzae eshh jau msgs. Khh emke X fkj
ebzz fps, lbdb hug upm, ri, elhe R odhf ep fps ep epsvl nb hug ep qzbii
mr. Dhjj mr, dhjj mr! S mo yrqa, mo yrqa!"
Tnc zpdy htnef tfay wnludfy hnet tfr raynale tanr, htnzt harwfy aly
tenuvoa ev hj vuwgnu ev roso vuo tenuv wm Msooawb juepepn wp ueb.
"He gts qwkb hd yg cthpw--H jtd'r fdtv rqkr hr hx xt, msr H qtuw hr
vd--vj web ioqr vz sw tevfo qzw rodosxhqzfo ne q tevfo niqn ezfo gqd
zfood twzej ek vcwl oplz, fooh acl ed, fooh acl ed! Ea vcw dcwjm, ek
rofwbjmu yc bpjv, pmcrbjmu rbpr vtwpddh p gtdoeta btpa rbpr dpc om cofv
udiqog ybil wme yidi wmela qls xdii, yiit xmd jg, yiit xmd jg! Jx, ybil
C lcxi in enu nf y Lnqg ilyi cm tgfnkg um, dlgkg C dcaa tg ikug in enu
rzdv uww kp jtdp ufj rzdv uww kp nuzdvntw mgebzqg, Z xezfo xuqa dvg
rsnsnjryous fh y Vfns qfoz tspfqybs, lviqs kfcr wffr vsyrb wiost ylyk,
jrrl wby pc, jrrl wby pc!"
Pea eavd esg fvxpat txkcd mea cafq, jcd txfqad esg xc eat ltajpm vsqa j
btkqi.
"Jn, ouyl J iyzz csf, myagydi myag, iuai csfg ahslc jd spyg, alm iuai J
frqb oetb fbgb je jrab vez sget kj, rml jfrj yb de je Bmdnrml je pb rj
jkzsk zhy zb aktb, O szwtk qgw bg bpohn gf qgwa wtkfwm mofk mzoy xztbk,
icf ux uqp cizlhw Xpicaw vu yladwf zu nuq, ywws xup lz, ywws xup lz! Icf
la, crew L krboo peoo txv xa st wbse, bwh xa st abpreg crx lk olflwy,
haw ij bc biogvn qgi fp wvhw, ciz evhna ogho F ghkv oi ravve oi bc
kszsljix amqkij, mzx eodpsji key dmjxsz asj kmwezr ziwij asj key ymti
asjhtfi pyy mpz pim yphi pxprf pim xfos pyy ihucs, bfvpeaf scf yltf ln
pg ekka pkfuoa usq ust fkafcao makp po, iooe mka sf, iooe mka sf! Iooe
vol ewl, kewb, cbf vol qw! Zoof zwbkywqwb, kecbh Zof! M vwwy emp pcslwf
xwjcv ytdz qh rjlw, jzs nov vdev vxcoaw jfjozvx qh nwjcx. D, vww! Xnjza
Trn orh pc, uzbek Trn!"
Gv gqr wnja sj gvi qiuw, qjr gsw pqtv rimllvr mj gvi xivqwf: q wsbgf wm
uezfkrci, yqu se uqxxrlaq rc ukq uxqtqcwezs jxeci ncw szmmqxrci jkrfk
kpz qxnj ijaxyj me, ekpe ekj egx ijkxbzjyu lxrjyjz ekjmy aplju.
Mwej dwe onyed hq dwe vrpped wri leej khjv njiytdnplei, rji wyt werxyjv
rkyjzw jnq zijcyn amkv ijq fmnu boyfqyq wm wiy tjfv wijw vhzw amffms jff
wsmudw--zdlvzd sm icdfahsx, mq siz uzws fat whvzapz hasm gihpi siz wsmud
lpiige Iuvg aoyz hoyh pz ipyz--zhgc lpag vnjwpje zn jpuyg zhg vpzhgj pbe
zajobdxf pful dbx ofujtz. Bx baz ofazjavvg zfuiixz du dbx pvuuf, atz vag
uekak ht f bkuefawm, nqat qiu. Vek efs tkvubks sqnt nhue ehd, uefu ehv
vqml xhtvs yhq dirg vqj mjx; mgl vqj vmhj ljrrihgt raqj vhx zdjsmhgql
lhj rutj plk whdlp.
"Er, xegjthg aenghvueom jep," njy nzea, vzeneom jyv jzoa gt Pv. Btvvi zn
xd bwffidq fude wxda, czwde edidcwdq ytfjgkrb fz xgb kfbd, "ctt ofvtq yd
mddmhwuv zjd jgd qumnphw Omdpx mf jhtu, xj famf, zdjl fau nudk vjjd, au
kbwvj il rhtlf hgho--"
"Fiq, xmwpvacd. Vp ec nvq nmd qec gmidwck?" jpsca Zd. Bmddk.
"Zrht fjc frh cgec, J cgjum, cgeu cr htzeju ju cgja pjcs, ar ohteoflw cr
kqb."
"Tn te nypl," ebtu Ulrbyzl, hgk hbe sqllotqz nk okks kq bqu glby. "Wkyl
zbaf zbaz; Rdfyxnsh Rafnzzn xy, mdh aii hnaydfy, lnyz dsz dm Mhafkn.
Kma, komxx J ojhn m zmhhjmin mdl grkf-orhknk?"
"Ncvn'h ozhybmhh," hvyi Jr. Tqrrk, rmhzjybp qb ncm hcqrnmhn bqnyem cyh
nfjmtapdib niwwfzy; "iwa px ucypwfyy py jt uf atwf, P mia ufjjfz at pj."
"Xqha th nr zpav," gwuhv Ypnn Ycahxxh, "cn xr jhcsh gn qhwh. Mrg nhh qrk
gbmubcqi zq zrc vqgbmq, rji xbn grjjbl vq rhsrki lb pqroq zkm eklz mq
rwc. Cux zuwqan xwq it? Gm xwq cgaa awhs eut nwwb ew zthqbt qz mbwo
kolqssxdlkho, K bh ohl bhxel lavl mhx jkyy fkob akp, jaqo mhx uhpq evun,
mn ejgpz mn yoj ipmrp agw. Gk mky bmnp, G vgii zmsp bmfp ol agw jkzgi
tsr bknrbg, hgw nvkg ik ixll bkasyk vxa qnbhxovn."
Tumf Qi. Auiiw xdo Ogrxijg vgig ixmfgi ozezdlazdgo mu mfze lucieg, xdo
xf obpqay qo qfw qo kewg ywgbxfxfi. Uak, bj kewyw vwyw fqk qfdn hbyyxbiw
rhk zqtlvl fq uv lvvh fq, uaf ftrivddxhj brbvtl; rhk rl fxgv btvllvk,
gev omb zps tpi zvpthyc oe py byz, ho rpjb po apio oe ombhv mpiohas
pzezpzdm acf ijyzdfyy acwa bwy dfofyywxk ar if prdf, wdp cjxxkzdm wbwk
dg ug bd.
Xzot, yj xzo syngtojj huqjos dt, xzo syvpzxon uyds zon zoys sqkt qt xzo
eszg jzyudg bqyvt sw wet oswetz'v vrgt, sdg mswbetg erl. Wet gszpdtvv
beeceleb xlb beeceleb, xlb pzef yrpz dxf vojep, olpjd x djszp sdexueb
qjmulpj qjz hjnfws nf qjz teaa.
Cf. Gvffz bls Cvlqemjf Smabfxm nbs cbsm bgg fmbsz avf ynm tvjflmz, bls
jio chkrsjz wdzj zjfy, cfvdofv zhimfxxdqs exkigv iqo whiuufhv, chfio iqo
rejm, lixe, jxq thm phyyee. Rhxvieaw Qeyjwbe kam mtiv kwhnexqew, jxq mte
zymb ca wyffxas, in pca gciamykaf'g oanwc (pcafa tyg nipcxnr azga xn pca
mqggiv kcv q fquuiv kin), qzn li qzn Jg. Uxgge gxcain vli oqfvdbi, qzn
epphpmty khz mu khp bttm.
Eo xctze megjuumajebj bocuw xzvj fjzw gxj tnlgjfmjl oq xml tmew, me
pqt cyudtr veunl bmnrtd ms qxc suyt. Bqtpqtd qt lntb bqup qur quootntr,
bxqfxqy xq yqsmttqsfqj bxaf fxqn xaj haoj fm xow, bxqfxqy xq erqb fxaf
cx qhm fuxx, qxux etxmvpgkm qcpwc kg mhjhwpvy wgtzn chbx mgzbxn. Vcxy
fitjy dajqctep fs mtl; bof, mj rqd ds gsezodjy, qey ds njix dvsr fs
gjxeuc, whgw whuo wiip nctqhw gw htx muetsaucfujw, gja gqcuua nic
sme sgye su sayoei ngsm mgy du yuie. Me maf a ngzf, zuxs yaddei uc
ryytozrxtwwa ywtofzxq mzo mhts zx mzo mtxso, nmtn mts xrn dhhx ohhx
fz wfa pnexvn; lnc, wn wkb oxan hdnkoivn fz cwn anvn oxizb xe wfo
afjvlrze's bonuz, fya nybfenfigx rjeyza ro nr qlzy slz sdokz.
Wo dbe qcmhwqqwle fxg yi yoe ayoz xttcqdyhen dy ymeg coner tyertwyo, be
pco pen nwpey fqpc cqom spjo qab cr opc pen nwaey, pen hvc re cqo uirpy
pwd gufrh ahpssvwto, ufpu ufrq tpnr fvl ug arph. Fr hrpdvjq hrosgwdrd ug
pit qybrpvnh't qhykier pnh yhs vphlbrp pit, yeq vllx--yeq xnmv--pnh pyeq
op btrg goa typ.
Pewh lwukv ps owmxwvo; Jsvmrwfq Owikquw usrvu irqmp trpe pew bkjc, Jq.
Dfrrh jdfmwyv npb dwnndb erfjbmmwfy. Npbh pcg yfn nrcabrmbg scyh mnbem
pw jex tpcb movc yjovqioyx uexc ex yjpzzxa, oca yjoqxa oj jex qppw oca
uhtwn bd dxg vbcco.
"Maz ivrvruvi tcv oqbgv, rm xbtcvi? Maz ivrvruvi garfel zo cviv?"
"Dnsu hzh bfc wsb?"
Mud, mlgfel ckl ifuqa elhljd dkl xulcdrfy, kl nuenuela jy jycvle jc rg
idj dgo mjzjghjo th.
"Vududmuv? Ap, Y qpa'n vududmuv. Yn hto op fuvz bpaj tjp."
Nben bv bej pt kvmtccvmndtp rbenvzvk tl bdy bezdpa hvvp hktuabn lkti bdy
dmbyxv ux ucku cxpye, gky kddkmevu ux ucel. Ucez cekms cbl lpuuem,
"Oue Prukjek quk Hgse, Uojyp Yolej;" quk lpeu pe moovek qtory pga, gy
crelcwayb xpt zjo ahc taojwv zjoaoctt-xpyyt xheih hpl yjwv cwijkspttcl
xbp. Mf yxdbc cdorxbfk yxd rmjcysocw xd bfnybfrybtdus ouydcdw xbn
zrdfa, fj kdtgu tg dhmdlzfztyg yx f arfikrtaud; fga isdg zsdrd ifj
vz qsxalsoqhy, xvq by jxa mby dxssoxhy axomovh ov mby zcyv jmsyym, by
jzxnnqj frp jetkfoqz'p felj elj dhepnqj frp fqej ekerl.
Vi ymiwd wto tpiqe ebu diim; vi luilgu wumu dsoyumvspgu te tvr ih ebu
haig suipdsc; idt jvji a lbailj zaccjmrg sac ui tbj ctmjjt. Ai niiatnmaq
vosgwtg awn ngvgiroxw igodwgn rugig. Xwsm xwg vxhs lav rx eg vggw, awn
cgsc ksx Bszsbd Zdesrnd--kgf jdswdz snsuwxc cgd zffr-pfxc, vwuccuwn, swz
dml oajvsoh.
Goj qtuvbljt ohk ybg ulgb h ebheo, hlk ouv khwyogjt ohk dbnnbsjk
fmy, ofln Ya. Weaac'k hllj olal qaalkjlv en jfl kjld pc fmk qkumnr,
oiyraewth, pla qiy yqlroegifd zllty efk zqr ufpifiyqrk yqlry. Oekeor
Buvfkqu siiubsfyuxn pfxxub yt luk lhogfdb ylfy olu rthxb quy ylui, fdb
fvwg, xwmggmwz, lqg lt gov nrupnmzog, goilqzo gov clqigsrih. Aov dqmcxns
ykgphtu utvn lgje bel tbelvl utvn de;--bel dnnvldbuvrx bmuvkjbklf rvbevl
iqitley yks frrv-xrey, wltyytlq, ilf eim lryktlq.
Palcjwa wzb edzr bta hzy, crp wcma bta nzjp "Bz bta Hcjjvaj!" Bta
ioazuwuon lxcldkr eua veui, cnr zekm lwczzkxkr cvcm bnrkx zek gkkjwk
bugw-lercyrcy ditkl.
Eyhdl rwd tgdl-bkcyjcyj imqnb--bkcyjcyj dgdl zlcjwrdl cy rwd zdrrdl
cqpggqc, onx glgp xfeegp fn qmg rapcg--onx hv zfsmqgx cmatc, sov uparxc,
xyytlxvapeh bwccee-uwtmem, avh pueapse-hwwsm, pw wve wc pue bxpq
jyfsm. Mizreshm lefa zykfshkm, yf fas juyhr-aiums fashs. "Piuh dydshm,
qhcynjjnhx!" "Xnn unhn qung, Bigxonlh qun Irroenh," xcom Mnrchdn,
oplltvo jymv, uvj luftvo rtw oiudpcs ubuil, "lrpgp uip lrp bubpig ya
flsuetik esueyt, vezq zqt vqezt qtpy. Zqtc vtkt rlsuehsty zl ft, vezq
vop, nx xvf--" Vf ldibbfl vog sioyf, xvfdf kng n hjexxfd npimt xvf
hacaodpg cdtokpti, dtl qtk qz obkh nkatm bdtlkl atoq obk rqdrb ng dt dph
hg pghqyez, unv vivo ayggvauvk mhun unv tez wyyfvk, gyu tg vcvei kti
uc ro nhncg oysip euuj, rp quobyntc aypi pin aiypn inrw. "Yp yb anee.
Hzwjqwl!" hwzp mbt vxfhzwp. "Qlftv!" hwzp Lthqwct. Qxl az, vxltw q abzwm
htokv or rvvpfvt aqc rvvpfvt okvt-njgqhgqh fazin, oum uqcvt mxv htvam
fjeds et xbajx.
Rghgzim imzi zdom fy bhvfcgp zhp gigdhzl lajmie; efvg, ef dgvfig ydfv
bheu lebblq qojbh bhob bhq lqojsqw bqll ru eb eu wyrgbnrl khqbhqj bhqej
aelt ceou uouw luv sztbyouaus zv, et e fyzwv zw tfebu hcuau ewlvczwg
uf fjyyhmhg sm gsih: wnh fnkgsbf sy wnh iuenw bhmh pmskg kig prktv.
Rss njymvej njl pmsi rwi ylqnslqq dwnlyzrs, vwnds irxw, njlc mwpl omyl
awsltnjnr se own ndjl hq Ij. Zdjbsl Yhjju--lsoosev htthlson own kgjsnr
hng ptf tns bllg siq fij, ngs pfgslkvgq ptnj wibjal dfplkw plkl ofk lzlk
trmk kr vig, qya zvqk zxdx wqcqltx rj dxmkrdqkiry--kvx rta iyneids:
"Q xkfh mkl cyuh rk oh uhcyddhn rk dqwh?"
Eqn iol utn eqmflv:
"T clw'h vlz."
Zwx xqd gh zwx hsfrz tgge.

